#
# There is insufficient memory for the Java Runtime Environment to continue.
# Native memory allocation (malloc) failed to allocate 1080496 bytes for Chunk::new
# Possible reasons:
#   The system is out of physical RAM or swap space
#   The process is running with CompressedOops enabled, and the Java Heap may be blocking the growth of the native heap
# Possible solutions:
#   Reduce memory load on the system
#   Increase physical memory or swap space
#   Check if swap backing store is full
#   Decrease Java heap size (-Xmx/-Xms)
#   Decrease number of Java threads
#   Decrease Java thread stack sizes (-Xss)
#   Set larger code cache with -XX:ReservedCodeCacheSize=
#   JVM is running with Unscaled Compressed Oops mode in which the Java heap is
#     placed in the first 4GB address space. The Java Heap base address is the
#     maximum limit for the native heap growth. Please use -XX:HeapBaseMinAddress
#     to set the Java Heap base and to place the Java Heap above 4GB virtual address.
# This output file may be truncated or incomplete.
#
#  Out of Memory Error (allocation.cpp:389), pid=4408, tid=0x00000000000009b0
#
# JRE version: OpenJDK Runtime Environment (8.0_202-b03) (build 1.8.0_202-release-1483-b03)
# Java VM: OpenJDK 64-Bit Server VM (25.202-b03 mixed mode windows-amd64 compressed oops)
# Failed to write core dump. Minidumps are not enabled by default on client versions of Windows
#

---------------  T H R E A D  ---------------

Current thread (0x000000001649b800):  JavaThread "C2 CompilerThread1" daemon [_thread_in_native, id=2480, stack(0x0000000017c00000,0x0000000017d00000)]

Stack: [0x0000000017c00000,0x0000000017d00000]
[error occurred during error reporting (printing stack bounds), id 0xc0000005]

Native frames: (J=compiled Java code, j=interpreted, Vv=VM code, C=native code)


Current CompileTask:
C2:5393134 13118   !   4       java.nio.file.Files::walkFileTree (355 bytes)


---------------  P R O C E S S  ---------------

Java Threads: ( => current thread )
  0x0000000019963000 JavaThread "Cache worker for execution history cache (C:\Users\Pichau\AndroidStudioProjects\AgendadeEventos\.gradle\5.4.1\executionHistory)" [_thread_blocked, id=8872, stack(0x0000000025d60000,0x0000000025e60000)]
  0x0000000019962800 JavaThread "Execution worker for ':' Thread 3" [_thread_in_native, id=2200, stack(0x0000000025c60000,0x0000000025d60000)]
  0x0000000019960000 JavaThread "Execution worker for ':' Thread 2" [_thread_blocked, id=6516, stack(0x0000000025b60000,0x0000000025c60000)]
  0x0000000019961800 JavaThread "Execution worker for ':'" [_thread_blocked, id=9468, stack(0x0000000025a60000,0x0000000025b60000)]
  0x0000000019965800 JavaThread "Cache worker for file content cache (C:\Users\Pichau\AndroidStudioProjects\AgendadeEventos\.gradle\5.4.1\fileContent)" [_thread_blocked, id=2980, stack(0x0000000025560000,0x0000000025660000)]
  0x0000000019958000 JavaThread "Cache worker for Build Output Cleanup Cache (C:\Users\Pichau\AndroidStudioProjects\AgendadeEventos\.gradle\buildOutputCleanup)" [_thread_blocked, id=8620, stack(0x0000000025460000,0x0000000025560000)]
  0x000000001995d000 JavaThread "Build operations Thread 4" [_thread_blocked, id=2748, stack(0x00000000203f0000,0x00000000204f0000)]
  0x000000001995c800 JavaThread "Build operations Thread 3" [_thread_blocked, id=10108, stack(0x000000001fcf0000,0x000000001fdf0000)]
  0x000000001995b800 JavaThread "Build operations Thread 2" [_thread_blocked, id=8188, stack(0x000000001f3e0000,0x000000001f4e0000)]
  0x000000001995e800 JavaThread "Build operations" [_thread_blocked, id=8904, stack(0x000000001e0b0000,0x000000001e1b0000)]
  0x0000000019959800 JavaThread "Cache worker for cache directory md-rule (C:\Users\Pichau\.gradle\caches\5.4.1\md-rule)" [_thread_blocked, id=8964, stack(0x000000001dfb0000,0x000000001e0b0000)]
  0x0000000019957000 JavaThread "Cache worker for cache directory md-supplier (C:\Users\Pichau\.gradle\caches\5.4.1\md-supplier)" [_thread_blocked, id=7116, stack(0x000000001c640000,0x000000001c740000)]
  0x000000001d06f800 JavaThread "Cache worker for file hash cache (C:\Users\Pichau\AndroidStudioProjects\AgendadeEventos\.gradle\5.4.1\fileHashes)" [_thread_blocked, id=8444, stack(0x000000001ad70000,0x000000001ae70000)]
  0x000000001d06e000 JavaThread "Thread-90" [_thread_blocked, id=180, stack(0x000000001aa70000,0x000000001ab70000)]
  0x000000001d071000 JavaThread "Stdin handler" [_thread_blocked, id=5012, stack(0x000000001a970000,0x000000001aa70000)]
  0x000000001d070800 JavaThread "Asynchronous log dispatcher for DefaultDaemonConnection: socket connection from /127.0.0.1:53387 to /127.0.0.1:54680" [_thread_blocked, id=9612, stack(0x000000001a670000,0x000000001a770000)]
  0x000000001d06c000 JavaThread "Daemon worker Thread 5" [_thread_blocked, id=8800, stack(0x000000001a570000,0x000000001a670000)]
  0x000000001d06b000 JavaThread "Cancel handler" [_thread_blocked, id=2492, stack(0x0000000000ef0000,0x0000000000ff0000)]
  0x000000001d06d800 JavaThread "Handler for socket connection from /127.0.0.1:53387 to /127.0.0.1:54680" [_thread_in_native, id=1100, stack(0x0000000000df0000,0x0000000000ef0000)]
  0x000000001d06c800 JavaThread "Daemon Thread 5" [_thread_blocked, id=4868, stack(0x0000000000cf0000,0x0000000000df0000)]
  0x0000000018f62000 JavaThread "Cache worker for file content cache (C:\Users\Pichau\.gradle\caches\5.4.1\fileContent)" [_thread_blocked, id=9236, stack(0x0000000024080000,0x0000000024180000)]
  0x000000001995e000 JavaThread "Memory manager" [_thread_blocked, id=1740, stack(0x0000000020cf0000,0x0000000020df0000)]
  0x0000000018f64800 JavaThread "Cache worker for execution history cache (C:\Users\Pichau\.gradle\caches\5.4.1\executionHistory)" [_thread_blocked, id=6412, stack(0x000000001f560000,0x000000001f660000)]
  0x0000000018f5f000 JavaThread "Cache worker for journal cache (C:\Users\Pichau\.gradle\caches\journal-1)" [_thread_blocked, id=8948, stack(0x000000001b070000,0x000000001b170000)]
  0x0000000018f63000 JavaThread "File lock request listener" [_thread_in_native, id=8372, stack(0x000000001af70000,0x000000001b070000)]
  0x0000000018f1f800 JavaThread "Cache worker for file hash cache (C:\Users\Pichau\.gradle\caches\5.4.1\fileHashes)" [_thread_blocked, id=3056, stack(0x000000001ae70000,0x000000001af70000)]
  0x000000001861e800 JavaThread "Daemon periodic checks" [_thread_blocked, id=9392, stack(0x000000001a470000,0x000000001a570000)]
  0x00000000185d7800 JavaThread "Incoming local TCP Connector on port 53387" [_thread_in_native, id=1680, stack(0x000000001a210000,0x000000001a310000)]
  0x000000001976d800 JavaThread "Daemon health stats" [_thread_blocked, id=3428, stack(0x0000000019bd0000,0x0000000019cd0000)]
  0x0000000017e28800 JavaThread "Service Thread" daemon [_thread_blocked, id=9952, stack(0x0000000018200000,0x0000000018300000)]
  0x00000000164a2800 JavaThread "C1 CompilerThread2" daemon [_thread_blocked, id=7464, stack(0x0000000017d00000,0x0000000017e00000)]
=>0x000000001649b800 JavaThread "C2 CompilerThread1" daemon [_thread_in_native, id=2480, stack(0x0000000017c00000,0x0000000017d00000)]
  0x00000000164a8800 JavaThread "C2 CompilerThread0" daemon [_thread_in_vm, id=7836, stack(0x0000000017b00000,0x0000000017c00000)]
  0x00000000164a7000 JavaThread "Attach Listener" daemon [_thread_blocked, id=1412, stack(0x0000000017a00000,0x0000000017b00000)]
  0x00000000164a5800 JavaThread "Signal Dispatcher" daemon [_thread_blocked, id=7184, stack(0x0000000017900000,0x0000000017a00000)]
  0x0000000002b2b800 JavaThread "Finalizer" daemon [_thread_blocked, id=7980, stack(0x00000000176f0000,0x00000000177f0000)]
  0x0000000016489000 JavaThread "Reference Handler" daemon [_thread_blocked, id=9820, stack(0x00000000175f0000,0x00000000176f0000)]
  0x0000000002a32800 JavaThread "main" [_thread_blocked, id=3344, stack(0x0000000002930000,0x0000000002a30000)]

Other Threads:
  0x0000000016466800 VMThread [stack: 0x00000000174f0000,0x00000000175f0000] [id=5648]
  0x0000000017e31000 WatcherThread [stack: 0x0000000018300000,0x0000000018400000] [id=4548]

VM state:not at safepoint (normal execution)

VM Mutex/Monitor currently owned by a thread: None

heap address: 0x00000000a0000000, size: 1536 MB, Compressed Oops mode: 32-bit
Narrow klass base: 0x0000000000000000, Narrow klass shift: 3
Compressed class space size: 1073741824 Address: 0x0000000100000000

Heap:
 PSYoungGen      total 126464K, used 104440K [0x00000000e0000000, 0x00000000e8d00000, 0x0000000100000000)
  eden space 113664K, 80% used [0x00000000e0000000,0x00000000e5981f40,0x00000000e6f00000)
  from space 12800K, 99% used [0x00000000e7300000,0x00000000e7f7c478,0x00000000e7f80000)
  to   space 13824K, 0% used [0x00000000e7f80000,0x00000000e7f80000,0x00000000e8d00000)
 ParOldGen       total 87040K, used 49780K [0x00000000a0000000, 0x00000000a5500000, 0x00000000e0000000)
  object space 87040K, 57% used [0x00000000a0000000,0x00000000a309d3b0,0x00000000a5500000)
 Metaspace       used 79688K, capacity 83606K, committed 83736K, reserved 1122304K
  class space    used 10310K, capacity 11040K, committed 11048K, reserved 1048576K

Card table byte_map: [0x0000000011ef0000,0x0000000012200000] byte_map_base: 0x00000000119f0000

Marking Bits: (ParMarkBitMap*) 0x000000005fc29f30
 Begin Bits: [0x0000000012800000, 0x0000000014000000)
 End Bits:   [0x0000000014000000, 0x0000000015800000)

Polling page: 0x00000000027f0000

CodeCache: size=245760Kb used=36863Kb max_used=37434Kb free=208896Kb
 bounds [0x0000000002b30000, 0x0000000004ff0000, 0x0000000011b30000]
 total_blobs=11823 nmethods=10958 adapters=777
 compilation: enabled

Compilation events (10 events):
Event: 5393.104 Thread 0x00000000164a2800 13167       3       com.sun.org.apache.xerces.internal.parsers.XML11Configuration::setDTDHandler (6 bytes)
Event: 5393.104 Thread 0x00000000164a2800 nmethod 13167 0x0000000002c6fad0 code [0x0000000002c6fc20, 0x0000000002c6fd90]
Event: 5393.105 Thread 0x00000000164a2800 13168       3       com.sun.org.apache.xerces.internal.parsers.XML11Configuration::setDTDContentModelHandler (6 bytes)
Event: 5393.105 Thread 0x00000000164a2800 nmethod 13168 0x0000000002c68ed0 code [0x0000000002c69020, 0x0000000002c69190]
Event: 5393.110 Thread 0x00000000164a2800 13169       3       com.sun.org.apache.xerces.internal.impl.XMLEntityManager::setupCurrentEntity (1214 bytes)
Event: 5393.114 Thread 0x00000000164a2800 nmethod 13169 0x00000000039d5f90 code [0x00000000039d65c0, 0x00000000039db2a8]
Event: 5393.115 Thread 0x00000000164a2800 13170   !   3       com.sun.org.apache.xerces.internal.parsers.DOMParser::getEntityResolver (60 bytes)
Event: 5393.115 Thread 0x00000000164a2800 nmethod 13170 0x00000000038010d0 code [0x00000000038012c0, 0x0000000003801e18]
Event: 5393.116 Thread 0x00000000164a2800 13171       3       com.sun.org.apache.xerces.internal.impl.XMLVersionDetector::fixupCurrentEntity (203 bytes)
Event: 5393.116 Thread 0x00000000164a2800 nmethod 13171 0x0000000002f1c1d0 code [0x0000000002f1c380, 0x0000000002f1c9a8]

GC Heap History (10 events):
Event: 25.776 GC heap before
{Heap before GC invocations=22 (full 3):
 PSYoungGen      total 117760K, used 117274K [0x00000000e0000000, 0x00000000e8200000, 0x0000000100000000)
  eden space 109568K, 100% used [0x00000000e0000000,0x00000000e6b00000,0x00000000e6b00000)
  from space 8192K, 94% used [0x00000000e7a00000,0x00000000e81868d8,0x00000000e8200000)
  to   space 10240K, 0% used [0x00000000e6e00000,0x00000000e6e00000,0x00000000e7800000)
 ParOldGen       total 87040K, used 31768K [0x00000000a0000000, 0x00000000a5500000, 0x00000000e0000000)
  object space 87040K, 36% used [0x00000000a0000000,0x00000000a1f06228,0x00000000a5500000)
 Metaspace       used 67418K, capacity 70156K, committed 70424K, reserved 1110016K
  class space    used 9088K, capacity 9655K, committed 9768K, reserved 1048576K
Event: 25.786 GC heap after
Heap after GC invocations=22 (full 3):
 PSYoungGen      total 122880K, used 8510K [0x00000000e0000000, 0x00000000e9300000, 0x0000000100000000)
  eden space 112640K, 0% used [0x00000000e0000000,0x00000000e0000000,0x00000000e6e00000)
  from space 10240K, 83% used [0x00000000e6e00000,0x00000000e764fbb8,0x00000000e7800000)
  to   space 10752K, 0% used [0x00000000e8880000,0x00000000e8880000,0x00000000e9300000)
 ParOldGen       total 87040K, used 35569K [0x00000000a0000000, 0x00000000a5500000, 0x00000000e0000000)
  object space 87040K, 40% used [0x00000000a0000000,0x00000000a22bc748,0x00000000a5500000)
 Metaspace       used 67418K, capacity 70156K, committed 70424K, reserved 1110016K
  class space    used 9088K, capacity 9655K, committed 9768K, reserved 1048576K
}
Event: 108.565 GC heap before
{Heap before GC invocations=23 (full 3):
 PSYoungGen      total 122880K, used 121150K [0x00000000e0000000, 0x00000000e9300000, 0x0000000100000000)
  eden space 112640K, 100% used [0x00000000e0000000,0x00000000e6e00000,0x00000000e6e00000)
  from space 10240K, 83% used [0x00000000e6e00000,0x00000000e764fbb8,0x00000000e7800000)
  to   space 10752K, 0% used [0x00000000e8880000,0x00000000e8880000,0x00000000e9300000)
 ParOldGen       total 87040K, used 35569K [0x00000000a0000000, 0x00000000a5500000, 0x00000000e0000000)
  object space 87040K, 40% used [0x00000000a0000000,0x00000000a22bc748,0x00000000a5500000)
 Metaspace       used 72439K, capacity 75596K, committed 75672K, reserved 1114112K
  class space    used 9520K, capacity 10130K, committed 10152K, reserved 1048576K
Event: 108.578 GC heap after
Heap after GC invocations=23 (full 3):
 PSYoungGen      total 136704K, used 10740K [0x00000000e0000000, 0x00000000e9980000, 0x0000000100000000)
  eden space 125952K, 0% used [0x00000000e0000000,0x00000000e0000000,0x00000000e7b00000)
  from space 10752K, 99% used [0x00000000e8880000,0x00000000e92fd050,0x00000000e9300000)
  to   space 13824K, 0% used [0x00000000e7b00000,0x00000000e7b00000,0x00000000e8880000)
 ParOldGen       total 87040K, used 40021K [0x00000000a0000000, 0x00000000a5500000, 0x00000000e0000000)
  object space 87040K, 45% used [0x00000000a0000000,0x00000000a2715778,0x00000000a5500000)
 Metaspace       used 72439K, capacity 75596K, committed 75672K, reserved 1114112K
  class space    used 9520K, capacity 10130K, committed 10152K, reserved 1048576K
}
Event: 2646.460 GC heap before
{Heap before GC invocations=24 (full 3):
 PSYoungGen      total 136704K, used 136692K [0x00000000e0000000, 0x00000000e9980000, 0x0000000100000000)
  eden space 125952K, 100% used [0x00000000e0000000,0x00000000e7b00000,0x00000000e7b00000)
  from space 10752K, 99% used [0x00000000e8880000,0x00000000e92fd050,0x00000000e9300000)
  to   space 13824K, 0% used [0x00000000e7b00000,0x00000000e7b00000,0x00000000e8880000)
 ParOldGen       total 87040K, used 40021K [0x00000000a0000000, 0x00000000a5500000, 0x00000000e0000000)
  object space 87040K, 45% used [0x00000000a0000000,0x00000000a2715778,0x00000000a5500000)
 Metaspace       used 74055K, capacity 77570K, committed 77720K, reserved 1116160K
  class space    used 9647K, capacity 10288K, committed 10408K, reserved 1048576K
Event: 2646.473 GC heap after
Heap after GC invocations=24 (full 3):
 PSYoungGen      total 127488K, used 5413K [0x00000000e0000000, 0x00000000e9100000, 0x0000000100000000)
  eden space 121856K, 0% used [0x00000000e0000000,0x00000000e0000000,0x00000000e7700000)
  from space 5632K, 96% used [0x00000000e7b00000,0x00000000e80497c0,0x00000000e8080000)
  to   space 13312K, 0% used [0x00000000e8400000,0x00000000e8400000,0x00000000e9100000)
 ParOldGen       total 87040K, used 46838K [0x00000000a0000000, 0x00000000a5500000, 0x00000000e0000000)
  object space 87040K, 53% used [0x00000000a0000000,0x00000000a2dbd958,0x00000000a5500000)
 Metaspace       used 74055K, capacity 77570K, committed 77720K, reserved 1116160K
  class space    used 9647K, capacity 10288K, committed 10408K, reserved 1048576K
}
Event: 3181.651 GC heap before
{Heap before GC invocations=25 (full 3):
 PSYoungGen      total 127488K, used 127269K [0x00000000e0000000, 0x00000000e9100000, 0x0000000100000000)
  eden space 121856K, 100% used [0x00000000e0000000,0x00000000e7700000,0x00000000e7700000)
  from space 5632K, 96% used [0x00000000e7b00000,0x00000000e80497c0,0x00000000e8080000)
  to   space 13312K, 0% used [0x00000000e8400000,0x00000000e8400000,0x00000000e9100000)
 ParOldGen       total 87040K, used 46838K [0x00000000a0000000, 0x00000000a5500000, 0x00000000e0000000)
  object space 87040K, 53% used [0x00000000a0000000,0x00000000a2dbd958,0x00000000a5500000)
 Metaspace       used 77966K, capacity 81580K, committed 81816K, reserved 1120256K
  class space    used 10123K, capacity 10797K, committed 10920K, reserved 1048576K
Event: 3181.659 GC heap after
Heap after GC invocations=25 (full 3):
 PSYoungGen      total 125952K, used 7038K [0x00000000e0000000, 0x00000000e8c00000, 0x0000000100000000)
  eden space 117760K, 0% used [0x00000000e0000000,0x00000000e0000000,0x00000000e7300000)
  from space 8192K, 85% used [0x00000000e8400000,0x00000000e8adfbd8,0x00000000e8c00000)
  to   space 12800K, 0% used [0x00000000e7300000,0x00000000e7300000,0x00000000e7f80000)
 ParOldGen       total 87040K, used 46846K [0x00000000a0000000, 0x00000000a5500000, 0x00000000e0000000)
  object space 87040K, 53% used [0x00000000a0000000,0x00000000a2dbf958,0x00000000a5500000)
 Metaspace       used 77966K, capacity 81580K, committed 81816K, reserved 1120256K
  class space    used 10123K, capacity 10797K, committed 10920K, reserved 1048576K
}
Event: 5328.444 GC heap before
{Heap before GC invocations=26 (full 3):
 PSYoungGen      total 125952K, used 124798K [0x00000000e0000000, 0x00000000e8c00000, 0x0000000100000000)
  eden space 117760K, 100% used [0x00000000e0000000,0x00000000e7300000,0x00000000e7300000)
  from space 8192K, 85% used [0x00000000e8400000,0x00000000e8adfbd8,0x00000000e8c00000)
  to   space 12800K, 0% used [0x00000000e7300000,0x00000000e7300000,0x00000000e7f80000)
 ParOldGen       total 87040K, used 46846K [0x00000000a0000000, 0x00000000a5500000, 0x00000000e0000000)
  object space 87040K, 53% used [0x00000000a0000000,0x00000000a2dbf958,0x00000000a5500000)
 Metaspace       used 79244K, capacity 83046K, committed 83224K, reserved 1122304K
  class space    used 10265K, capacity 10962K, committed 11048K, reserved 1048576K
Event: 5328.456 GC heap after
Heap after GC invocations=26 (full 3):
 PSYoungGen      total 126464K, used 12785K [0x00000000e0000000, 0x00000000e8d00000, 0x0000000100000000)
  eden space 113664K, 0% used [0x00000000e0000000,0x00000000e0000000,0x00000000e6f00000)
  from space 12800K, 99% used [0x00000000e7300000,0x00000000e7f7c478,0x00000000e7f80000)
  to   space 13824K, 0% used [0x00000000e7f80000,0x00000000e7f80000,0x00000000e8d00000)
 ParOldGen       total 87040K, used 49780K [0x00000000a0000000, 0x00000000a5500000, 0x00000000e0000000)
  object space 87040K, 57% used [0x00000000a0000000,0x00000000a309d3b0,0x00000000a5500000)
 Metaspace       used 79244K, capacity 83046K, committed 83224K, reserved 1122304K
  class space    used 10265K, capacity 10962K, committed 11048K, reserved 1048576K
}

Deoptimization events (10 events):
Event: 5330.182 Thread 0x000000001995b800 Uncommon trap: reason=class_check action=maybe_recompile pc=0x0000000002cbdce8 method=java.lang.String.equals(Ljava/lang/Object;)Z @ 8
Event: 5330.182 Thread 0x000000001995b800 Uncommon trap: reason=class_check action=maybe_recompile pc=0x0000000002cbdce8 method=java.lang.String.equals(Ljava/lang/Object;)Z @ 8
Event: 5330.186 Thread 0x000000001995b800 Uncommon trap: reason=bimorphic action=maybe_recompile pc=0x00000000030ed460 method=java.util.concurrent.CopyOnWriteArrayList.indexOf(Ljava/lang/Object;[Ljava/lang/Object;II)I @ 46
Event: 5330.186 Thread 0x000000001995b800 Uncommon trap: reason=bimorphic action=maybe_recompile pc=0x00000000030ed460 method=java.util.concurrent.CopyOnWriteArrayList.indexOf(Ljava/lang/Object;[Ljava/lang/Object;II)I @ 46
Event: 5330.186 Thread 0x000000001995b800 Uncommon trap: reason=bimorphic action=maybe_recompile pc=0x00000000030ed460 method=java.util.concurrent.CopyOnWriteArrayList.indexOf(Ljava/lang/Object;[Ljava/lang/Object;II)I @ 46
Event: 5330.186 Thread 0x000000001995b800 Uncommon trap: reason=bimorphic action=maybe_recompile pc=0x00000000030ed460 method=java.util.concurrent.CopyOnWriteArrayList.indexOf(Ljava/lang/Object;[Ljava/lang/Object;II)I @ 46
Event: 5392.659 Thread 0x000000001d06c000 Uncommon trap: reason=bimorphic action=maybe_recompile pc=0x0000000004d2b5ac method=com.google.common.collect.AbstractIndexedListIterator.next()Ljava/lang/Object; @ 27
Event: 5392.659 Thread 0x000000001d06c000 Uncommon trap: reason=bimorphic action=maybe_recompile pc=0x0000000004d2b5ac method=com.google.common.collect.AbstractIndexedListIterator.next()Ljava/lang/Object; @ 27
Event: 5392.822 Thread 0x000000001d06c000 Uncommon trap: reason=unstable_if action=reinterpret pc=0x0000000004def5d0 method=org.gradle.internal.graph.CachingDirectedGraphWalker.doSearch()Ljava/util/Set; @ 225
Event: 5393.078 Thread 0x000000001995e800 Uncommon trap: reason=class_check action=maybe_recompile pc=0x0000000004d64f34 method=org.gradle.api.internal.artifacts.transform.DefaultTransformationNodeRegistry.unpackTransformation(Lorg/gradle/api/internal/artifacts/transform/Transformation;)Ljava/uti

Classes redefined (0 events):
No events

Internal exceptions (10 events):
Event: 5324.823 Thread 0x000000001995b800 Exception <a 'java/lang/NoSuchMethodError': <clinit>> (0x00000000e466d108) thrown at [D:\src\AOSP-openjdk-cygwin\jdk8u\hotspot\src\share\vm\prims\jni.cpp, line 1614]
Event: 5324.826 Thread 0x000000001995b800 Exception <a 'java/lang/NoSuchMethodError': <clinit>> (0x00000000e4681220) thrown at [D:\src\AOSP-openjdk-cygwin\jdk8u\hotspot\src\share\vm\prims\jni.cpp, line 1614]
Event: 5324.828 Thread 0x000000001995b800 Exception <a 'java/lang/NoSuchMethodError': <clinit>> (0x00000000e4696498) thrown at [D:\src\AOSP-openjdk-cygwin\jdk8u\hotspot\src\share\vm\prims\jni.cpp, line 1614]
Event: 5324.878 Thread 0x000000001d06e000 Exception <a 'sun/nio/fs/WindowsException'> (0x00000000e49a0ed8) thrown at [D:\src\AOSP-openjdk-cygwin\jdk8u\hotspot\src\share\vm\prims\jni.cpp, line 710]
Event: 5324.901 Thread 0x000000001995b800 Exception <a 'sun/nio/fs/WindowsException'> (0x00000000e4a8ee40) thrown at [D:\src\AOSP-openjdk-cygwin\jdk8u\hotspot\src\share\vm\prims\jni.cpp, line 710]
Event: 5329.870 Thread 0x000000001d071000 Exception <a 'java/lang/reflect/InvocationTargetException'> (0x00000000e15aaa88) thrown at [D:\src\AOSP-openjdk-cygwin\jdk8u\hotspot\src\share\vm\runtime\reflection.cpp, line 1092]
Event: 5329.902 Thread 0x0000000019962800 Exception <a 'java/lang/NoSuchMethodError': <clinit>> (0x00000000e0078fa8) thrown at [D:\src\AOSP-openjdk-cygwin\jdk8u\hotspot\src\share\vm\prims\jni.cpp, line 1614]
Event: 5329.904 Thread 0x0000000019962800 Exception <a 'java/lang/NoSuchMethodError': <clinit>> (0x00000000e1691218) thrown at [D:\src\AOSP-openjdk-cygwin\jdk8u\hotspot\src\share\vm\prims\jni.cpp, line 1614]
Event: 5329.908 Thread 0x0000000019962800 Exception <a 'java/lang/NoSuchMethodError': <clinit>> (0x00000000e169d400) thrown at [D:\src\AOSP-openjdk-cygwin\jdk8u\hotspot\src\share\vm\prims\jni.cpp, line 1614]
Event: 5330.063 Thread 0x000000001995b800 Exception <a 'sun/nio/fs/WindowsException'> (0x00000000e19aa310) thrown at [D:\src\AOSP-openjdk-cygwin\jdk8u\hotspot\src\share\vm\prims\jni.cpp, line 710]

Events (10 events):
Event: 5393.105 Thread 0x00000000164a2800 flushing nmethod 0x0000000003ea9210
Event: 5393.114 Thread 0x00000000164a2800 flushing nmethod 0x0000000004031f10
Event: 5393.115 Thread 0x00000000164a2800 flushing nmethod 0x00000000040d8410
Event: 5393.115 Thread 0x00000000164a2800 flushing nmethod 0x00000000040e0990
Event: 5393.115 Thread 0x00000000164a2800 flushing nmethod 0x00000000040faed0
Event: 5393.115 Thread 0x00000000164a2800 flushing nmethod 0x00000000040fd090
Event: 5393.115 Thread 0x00000000164a2800 flushing nmethod 0x000000000410cd50
Event: 5393.115 Thread 0x00000000164a2800 flushing nmethod 0x0000000004131110
Event: 5393.116 Thread 0x00000000164a2800 flushing nmethod 0x00000000041af1d0
Event: 5393.116 Thread 0x00000000164a2800 flushing nmethod 0x0000000004288e50


Dynamic libraries:
0x00007ff70c1b0000 - 0x00007ff70c1e1000 	C:\Program Files\Android\Android Studio\jre\bin\java.exe
0x00007fff80ae0000 - 0x00007fff80cd0000 	C:\WINDOWS\SYSTEM32\ntdll.dll
0x00007fff7ecc0000 - 0x00007fff7ed72000 	C:\WINDOWS\System32\KERNEL32.DLL
0x00007fff7e010000 - 0x00007fff7e2b3000 	C:\WINDOWS\System32\KERNELBASE.dll
0x00007fff7fc60000 - 0x00007fff7fd03000 	C:\WINDOWS\System32\ADVAPI32.dll
0x00007fff7f810000 - 0x00007fff7f8ae000 	C:\WINDOWS\System32\msvcrt.dll
0x00007fff80060000 - 0x00007fff800f7000 	C:\WINDOWS\System32\sechost.dll
0x00007fff7fae0000 - 0x00007fff7fc00000 	C:\WINDOWS\System32\RPCRT4.dll
0x00007fff7f670000 - 0x00007fff7f804000 	C:\WINDOWS\System32\USER32.dll
0x00007fff7ea60000 - 0x00007fff7ea81000 	C:\WINDOWS\System32\win32u.dll
0x00007fff7eb90000 - 0x00007fff7ebb6000 	C:\WINDOWS\System32\GDI32.dll
0x00007fff7dbc0000 - 0x00007fff7dd54000 	C:\WINDOWS\System32\gdi32full.dll
0x00007fff7da70000 - 0x00007fff7db0e000 	C:\WINDOWS\System32\msvcp_win.dll
0x00007fff7ea90000 - 0x00007fff7eb8a000 	C:\WINDOWS\System32\ucrtbase.dll
0x00007fff70ba0000 - 0x00007fff70e25000 	C:\WINDOWS\WinSxS\amd64_microsoft.windows.common-controls_6595b64144ccf1df_6.0.18362.535_none_e6c3b34713100821\COMCTL32.dll
0x00007fff7fd10000 - 0x00007fff80046000 	C:\WINDOWS\System32\combase.dll
0x00007fff7db40000 - 0x00007fff7dbc0000 	C:\WINDOWS\System32\bcryptPrimitives.dll
0x00007fff7ec90000 - 0x00007fff7ecbe000 	C:\WINDOWS\System32\IMM32.DLL
0x000000005f2a0000 - 0x000000005f372000 	C:\Program Files\Android\Android Studio\jre\jre\bin\msvcr100.dll
0x000000005f460000 - 0x000000005fca6000 	C:\Program Files\Android\Android Studio\jre\jre\bin\server\jvm.dll
0x00007fff80a90000 - 0x00007fff80a98000 	C:\WINDOWS\System32\PSAPI.DLL
0x00007fff781e0000 - 0x00007fff781ea000 	C:\WINDOWS\SYSTEM32\VERSION.dll
0x00007fff79e40000 - 0x00007fff79e64000 	C:\WINDOWS\SYSTEM32\WINMM.dll
0x00007fff7a760000 - 0x00007fff7a769000 	C:\WINDOWS\SYSTEM32\WSOCK32.dll
0x00007fff7ef20000 - 0x00007fff7ef8f000 	C:\WINDOWS\System32\WS2_32.dll
0x00007fff79e10000 - 0x00007fff79e3d000 	C:\WINDOWS\SYSTEM32\WINMMBASE.dll
0x00007fff7de10000 - 0x00007fff7de5a000 	C:\WINDOWS\System32\cfgmgr32.dll
0x00007fff7a740000 - 0x00007fff7a74f000 	C:\Program Files\Android\Android Studio\jre\jre\bin\verify.dll
0x00007fff72d20000 - 0x00007fff72d49000 	C:\Program Files\Android\Android Studio\jre\jre\bin\java.dll
0x00007fff7a720000 - 0x00007fff7a736000 	C:\Program Files\Android\Android Studio\jre\jre\bin\zip.dll
0x00007fff802b0000 - 0x00007fff80995000 	C:\WINDOWS\System32\SHELL32.dll
0x00007fff7f460000 - 0x00007fff7f509000 	C:\WINDOWS\System32\shcore.dll
0x00007fff7e2e0000 - 0x00007fff7ea5f000 	C:\WINDOWS\System32\windows.storage.dll
0x00007fff7d9e0000 - 0x00007fff7d9ff000 	C:\WINDOWS\System32\profapi.dll
0x00007fff7da00000 - 0x00007fff7da4a000 	C:\WINDOWS\System32\powrprof.dll
0x00007fff7d9b0000 - 0x00007fff7d9c0000 	C:\WINDOWS\System32\UMPDC.dll
0x00007fff7fc00000 - 0x00007fff7fc52000 	C:\WINDOWS\System32\shlwapi.dll
0x00007fff7da50000 - 0x00007fff7da61000 	C:\WINDOWS\System32\kernel.appcore.dll
0x00007fff7e2c0000 - 0x00007fff7e2d7000 	C:\WINDOWS\System32\cryptsp.dll
0x00007fff7a630000 - 0x00007fff7a64a000 	C:\Program Files\Android\Android Studio\jre\jre\bin\net.dll
0x00007fff7d220000 - 0x00007fff7d287000 	C:\WINDOWS\system32\mswsock.dll
0x00007fff739d0000 - 0x00007fff739e1000 	C:\Program Files\Android\Android Studio\jre\jre\bin\nio.dll
0x00007fff72d80000 - 0x00007fff72da6000 	C:\Users\Pichau\.gradle\native\29\windows-amd64\native-platform.dll
0x00007fff7a6d0000 - 0x00007fff7a6dd000 	C:\Program Files\Android\Android Studio\jre\jre\bin\management.dll
0x00007fff7cd30000 - 0x00007fff7cd63000 	C:\WINDOWS\system32\rsaenh.dll
0x00007fff7db10000 - 0x00007fff7db36000 	C:\WINDOWS\System32\bcrypt.dll
0x00007fff7d8d0000 - 0x00007fff7d8f5000 	C:\WINDOWS\SYSTEM32\USERENV.dll
0x00007fff7d3f0000 - 0x00007fff7d3fc000 	C:\WINDOWS\SYSTEM32\CRYPTBASE.dll
0x00007fff7cf30000 - 0x00007fff7cf6a000 	C:\WINDOWS\SYSTEM32\IPHLPAPI.DLL
0x00007fff7f910000 - 0x00007fff7f918000 	C:\WINDOWS\System32\NSI.dll
0x00007fff777a0000 - 0x00007fff777b6000 	C:\WINDOWS\SYSTEM32\dhcpcsvc6.DLL
0x00007fff77780000 - 0x00007fff7779c000 	C:\WINDOWS\SYSTEM32\dhcpcsvc.DLL
0x00007fff7cf70000 - 0x00007fff7d03a000 	C:\WINDOWS\SYSTEM32\DNSAPI.dll
0x00007fff710a0000 - 0x00007fff710c4000 	C:\Program Files\Android\Android Studio\jre\jre\bin\sunec.dll
0x000000005fcd0000 - 0x000000005fcf6000 	C:\Program Files\Bonjour\mdnsNSP.dll
0x00007fff778e0000 - 0x00007fff778ea000 	C:\Windows\System32\rasadhlp.dll
0x00007fff775e0000 - 0x00007fff77657000 	C:\WINDOWS\System32\fwpuclnt.dll
0x00007fff72aa0000 - 0x00007fff72aab000 	C:\Program Files\Android\Android Studio\jre\jre\bin\sunmscapi.dll
0x00007fff7dec0000 - 0x00007fff7e009000 	C:\WINDOWS\System32\CRYPT32.dll
0x00007fff7d9c0000 - 0x00007fff7d9d2000 	C:\WINDOWS\System32\MSASN1.dll

VM Arguments:
jvm_args: -Xmx1536m -Dfile.encoding=windows-1252 -Duser.country=BR -Duser.language=pt -Duser.variant 
java_command: org.gradle.launcher.daemon.bootstrap.GradleDaemon 5.4.1
java_class_path (initial): C:\Users\Pichau\.gradle\wrapper\dists\gradle-5.4.1-all\3221gyojl5jsh0helicew7rwx\gradle-5.4.1\lib\gradle-launcher-5.4.1.jar
Launcher Type: SUN_STANDARD

Environment Variables:
PATH=C:\Program Files (x86)\Razer\ChromaBroadcast\bin;C:\Program Files\Razer\ChromaBroadcast\bin;C:\Program Files (x86)\Google\Chrome\Application;C:\Program Files (x86)\Common Files\Oracle\Java\javapath;C:\Program Files (x86)\Intel\Intel(R) Management Engine Components\iCLS\;C:\Program Files\Intel\Intel(R) Management Engine Components\iCLS\;C:\Windows\system32;C:\Windows;C:\Windows\System32\Wbem;C:\Windows\System32\WindowsPowerShell\v1.0\;C:\Windows\System32\OpenSSH\;C:\Program Files (x86)\Intel\Intel(R) Management Engine Components\DAL;C:\Program Files\Intel\Intel(R) Management Engine Components\DAL;C:\Program Files (x86)\Intel\Intel(R) Management Engine Components\IPT;C:\Program Files\Intel\Intel(R) Management Engine Components\IPT;C:\Users\Pichau\AppData\Local\Microsoft\WindowsApps;C:\Program Files\Microsoft SQL Server\Client SDK\ODBC\130\Tools\Binn\;C:\Program Files (x86)\Microsoft SQL Server\150\DTS\Binn\;C:\Program Files\dotnet\;C:\Program Files\Microsoft SQL Server\Client SDK\ODBC\170\Tools\Binn\;C:\WINDOWS\system32;C:\WINDOWS;C:\WINDOWS\System32\Wbem;C:\WINDOWS\System32\WindowsPowerShell\v1.0\;C:\WINDOWS\System32\OpenSSH\;C:\Program Files\NVIDIA Corporation\NVIDIA NvDLISR;C:\Program Files (x86)\Windows Kits\8.1\Windows Performance Toolkit\;C:\Program Files\Git\cmd;C:\Program Files\Git\mingw64\bin;C:\Program Files\Git\usr\bin;C:\Users\Pichau\AppData\Local\Microsoft\WindowsApps;C:\Users\Pichau\AppData\Local\Programs\Microsoft VS Code\bin;C:\Users\Pichau\AppData\Local\GitHubDesktop\bin;C:\Users\Pichau\AppData\Local\Microsoft\WindowsApps;C:\Users\Pichau\AppData\Local\Programs\Microsoft VS Code\bin;C:\Users\Pichau\AppData\Local\GitHubDesktop\bin
USERNAME=Pichau
OS=Windows_NT
PROCESSOR_IDENTIFIER=Intel64 Family 6 Model 158 Stepping 9, GenuineIntel



---------------  S Y S T E M  ---------------

OS: Windows 10.0 , 64 bit Build 18362 (10.0.18362.329)

CPU:total 4 (initial active 4) (4 cores per cpu, 1 threads per core) family 6 model 158 stepping 9, cmov, cx8, fxsr, mmx, sse, sse2, sse3, ssse3, sse4.1, sse4.2, popcnt, avx, avx2, aes, clmul, erms, 3dnowpref, lzcnt, tsc, tscinvbit, bmi1, bmi2, adx

Memory: 4k page, physical 8351888k(2016780k free), swap 8351888k(5040k free)

vm_info: OpenJDK 64-Bit Server VM (25.202-b03) for windows-amd64 JRE (1.8.0_202-release-1483-b03), built by "builder" with MS VC++ 10.0 (VS2010)

time: Mon Dec 16 10:09:14 2019
timezone: Hora oficial do Brasil
elapsed time: 5393 seconds (0d 1h 29m 53s)

