#
# There is insufficient memory for the Java Runtime Environment to continue.
# Native memory allocation (malloc) failed to allocate 1006816 bytes for Chunk::new
# Possible reasons:
#   The system is out of physical RAM or swap space
#   The process is running with CompressedOops enabled, and the Java Heap may be blocking the growth of the native heap
# Possible solutions:
#   Reduce memory load on the system
#   Increase physical memory or swap space
#   Check if swap backing store is full
#   Decrease Java heap size (-Xmx/-Xms)
#   Decrease number of Java threads
#   Decrease Java thread stack sizes (-Xss)
#   Set larger code cache with -XX:ReservedCodeCacheSize=
#   JVM is running with Unscaled Compressed Oops mode in which the Java heap is
#     placed in the first 4GB address space. The Java Heap base address is the
#     maximum limit for the native heap growth. Please use -XX:HeapBaseMinAddress
#     to set the Java Heap base and to place the Java Heap above 4GB virtual address.
# This output file may be truncated or incomplete.
#
#  Out of Memory Error (allocation.cpp:389), pid=3984, tid=0x000000000000053c
#
# JRE version: OpenJDK Runtime Environment (8.0_202-b03) (build 1.8.0_202-release-1483-b03)
# Java VM: OpenJDK 64-Bit Server VM (25.202-b03 mixed mode windows-amd64 compressed oops)
# Failed to write core dump. Minidumps are not enabled by default on client versions of Windows
#

---------------  T H R E A D  ---------------

Current thread (0x0000000016bce800):  JavaThread "C2 CompilerThread1" daemon [_thread_in_native, id=1340, stack(0x0000000018350000,0x0000000018450000)]

Stack: [0x0000000018350000,0x0000000018450000]
[error occurred during error reporting (printing stack bounds), id 0xc0000005]

Native frames: (J=compiled Java code, j=interpreted, Vv=VM code, C=native code)


Current CompileTask:
C2:  12697 4073       4       com.sun.beans.TypeResolver::resolve (37 bytes)


---------------  P R O C E S S  ---------------

Java Threads: ( => current thread )
  0x0000000020241000 JavaThread "Cache worker for Build Output Cleanup Cache (C:\Users\Pichau\Desktop\AgendadeEventos\.gradle\buildOutputCleanup)" [_thread_blocked, id=3848, stack(0x0000000020cf0000,0x0000000020df0000)]
  0x0000000020239800 JavaThread "Build operations Thread 4" [_thread_blocked, id=2900, stack(0x0000000021250000,0x0000000021350000)]
  0x0000000020240000 JavaThread "Build operations Thread 3" [_thread_blocked, id=9528, stack(0x0000000021010000,0x0000000021110000)]
  0x000000002023e800 JavaThread "Build operations Thread 2" [_thread_blocked, id=7048, stack(0x0000000020f10000,0x0000000021010000)]
  0x000000002023f800 JavaThread "Build operations" [_thread_blocked, id=3128, stack(0x0000000020e10000,0x0000000020f10000)]
  0x000000002023a000 JavaThread "Cache worker for execution history cache (C:\Users\Pichau\.gradle\caches\5.4.1\executionHistory)" [_thread_blocked, id=2960, stack(0x0000000021150000,0x0000000021250000)]
  0x000000002023e000 JavaThread "Cache worker for cache directory md-rule (C:\Users\Pichau\.gradle\caches\5.4.1\md-rule)" [_thread_blocked, id=7264, stack(0x0000000020bf0000,0x0000000020cf0000)]
  0x0000000019564000 JavaThread "Cache worker for cache directory md-supplier (C:\Users\Pichau\.gradle\caches\5.4.1\md-supplier)" [_thread_blocked, id=1748, stack(0x000000001f250000,0x000000001f350000)]
  0x000000001955f800 JavaThread "Cache worker for file hash cache (C:\Users\Pichau\Desktop\AgendadeEventos\.gradle\5.4.1\fileHashes)" [_thread_blocked, id=5608, stack(0x000000001f150000,0x000000001f250000)]
  0x000000001955d800 JavaThread "Cache worker for journal cache (C:\Users\Pichau\.gradle\caches\journal-1)" [_thread_blocked, id=6756, stack(0x000000001b7c0000,0x000000001b8c0000)]
  0x0000000019562800 JavaThread "File lock request listener" [_thread_in_native, id=9608, stack(0x000000001b6c0000,0x000000001b7c0000)]
  0x000000001955e000 JavaThread "Cache worker for file hash cache (C:\Users\Pichau\.gradle\caches\5.4.1\fileHashes)" [_thread_blocked, id=8252, stack(0x000000001b5c0000,0x000000001b6c0000)]
  0x00000000185fb000 JavaThread "Thread-9" [_thread_blocked, id=5104, stack(0x000000001b4c0000,0x000000001b5c0000)]
  0x000000001889b800 JavaThread "Stdin handler" [_thread_blocked, id=2368, stack(0x000000001b3c0000,0x000000001b4c0000)]
  0x00000000187c3800 JavaThread "Asynchronous log dispatcher for DefaultDaemonConnection: socket connection from /127.0.0.1:50690 to /127.0.0.1:50691" [_thread_blocked, id=2744, stack(0x000000001b2c0000,0x000000001b3c0000)]
  0x00000000187b1800 JavaThread "Daemon worker" [_thread_in_vm, id=5332, stack(0x000000001b1c0000,0x000000001b2c0000)]
  0x0000000019061000 JavaThread "Cancel handler" [_thread_blocked, id=5404, stack(0x000000001b0c0000,0x000000001b1c0000)]
  0x00000000187e1000 JavaThread "Handler for socket connection from /127.0.0.1:50690 to /127.0.0.1:50691" [_thread_in_native, id=2204, stack(0x000000001adc0000,0x000000001aec0000)]
  0x00000000187dc000 JavaThread "Daemon" [_thread_blocked, id=2200, stack(0x000000001acc0000,0x000000001adc0000)]
  0x0000000018c8d000 JavaThread "Daemon periodic checks" [_thread_blocked, id=2208, stack(0x000000001abc0000,0x000000001acc0000)]
  0x0000000018c79000 JavaThread "Incoming local TCP Connector on port 50690" [_thread_in_native, id=1660, stack(0x000000001a960000,0x000000001aa60000)]
  0x0000000019aba000 JavaThread "Daemon health stats" [_thread_blocked, id=5940, stack(0x000000001a320000,0x000000001a420000)]
  0x000000001857a800 JavaThread "Service Thread" daemon [_thread_blocked, id=5468, stack(0x0000000018950000,0x0000000018a50000)]
  0x0000000016bd5800 JavaThread "C1 CompilerThread2" daemon [_thread_blocked, id=744, stack(0x0000000018450000,0x0000000018550000)]
=>0x0000000016bce800 JavaThread "C2 CompilerThread1" daemon [_thread_in_native, id=1340, stack(0x0000000018350000,0x0000000018450000)]
  0x0000000016bca800 JavaThread "C2 CompilerThread0" daemon [_thread_in_native, id=8, stack(0x0000000018250000,0x0000000018350000)]
  0x0000000016bd8000 JavaThread "Attach Listener" daemon [_thread_blocked, id=5464, stack(0x0000000018150000,0x0000000018250000)]
  0x0000000016bd6800 JavaThread "Signal Dispatcher" daemon [_thread_blocked, id=3088, stack(0x0000000018050000,0x0000000018150000)]
  0x000000000325b800 JavaThread "Finalizer" daemon [_thread_blocked, id=7656, stack(0x0000000017e40000,0x0000000017f40000)]
  0x0000000016bb9000 JavaThread "Reference Handler" daemon [_thread_blocked, id=3672, stack(0x0000000017d40000,0x0000000017e40000)]
  0x0000000003162800 JavaThread "main" [_thread_blocked, id=9928, stack(0x0000000002fd0000,0x00000000030d0000)]

Other Threads:
  0x0000000016b96800 VMThread [stack: 0x0000000017c40000,0x0000000017d40000] [id=3948]
  0x000000001857b000 WatcherThread [stack: 0x0000000018a50000,0x0000000018b50000] [id=8244]

VM state:not at safepoint (normal execution)

VM Mutex/Monitor currently owned by a thread: None

heap address: 0x00000000a0000000, size: 1536 MB, Compressed Oops mode: 32-bit
Narrow klass base: 0x0000000000000000, Narrow klass shift: 3
Compressed class space size: 1073741824 Address: 0x0000000100000000

Heap:
 PSYoungGen      total 163328K, used 31787K [0x00000000e0000000, 0x00000000eb280000, 0x0000000100000000)
  eden space 151552K, 13% used [0x00000000e0000000,0x00000000e1390da0,0x00000000e9400000)
  from space 11776K, 99% used [0x00000000ea700000,0x00000000eb27a000,0x00000000eb280000)
  to   space 13824K, 0% used [0x00000000e9780000,0x00000000e9780000,0x00000000ea500000)
 ParOldGen       total 79872K, used 19249K [0x00000000a0000000, 0x00000000a4e00000, 0x00000000e0000000)
  object space 79872K, 24% used [0x00000000a0000000,0x00000000a12cc4b0,0x00000000a4e00000)
 Metaspace       used 45826K, capacity 46972K, committed 47272K, reserved 1089536K
  class space    used 6181K, capacity 6493K, committed 6568K, reserved 1048576K

Card table byte_map: [0x0000000012620000,0x0000000012930000] byte_map_base: 0x0000000012120000

Marking Bits: (ParMarkBitMap*) 0x0000000070f29f30
 Begin Bits: [0x0000000012f30000, 0x0000000014730000)
 End Bits:   [0x0000000014730000, 0x0000000015f30000)

Polling page: 0x00000000017a0000

CodeCache: size=245760Kb used=13213Kb max_used=13998Kb free=232546Kb
 bounds [0x0000000003260000, 0x0000000004020000, 0x0000000012260000]
 total_blobs=4618 nmethods=3861 adapters=670
 compilation: enabled

Compilation events (10 events):
Event: 12.682 Thread 0x0000000016bd5800 4095       3       org.gradle.api.internal.collections.AbstractIterationOrderRetainingElementSource::<init> (27 bytes)
Event: 12.682 Thread 0x0000000016bd5800 nmethod 4095 0x00000000033f3fd0 code [0x00000000033f41a0, 0x00000000033f49b0]
Event: 12.682 Thread 0x0000000016bd5800 4096       3       org.gradle.api.internal.collections.AbstractIterationOrderRetainingElementSource::onRealize (6 bytes)
Event: 12.682 Thread 0x0000000016bd5800 nmethod 4096 0x0000000003462250 code [0x00000000034623a0, 0x0000000003462510]
Event: 12.684 Thread 0x0000000016bd5800 4099       3       jdk.internal.org.objectweb.asm.ClassWriter::<init> (122 bytes)
Event: 12.684 Thread 0x0000000016bd5800 nmethod 4099 0x000000000339e690 code [0x000000000339e8a0, 0x000000000339f2c8]
Event: 12.684 Thread 0x0000000016bd5800 4100       3       jdk.internal.org.objectweb.asm.ClassWriter::visit (121 bytes)
Event: 12.685 Thread 0x0000000016bd5800 nmethod 4100 0x00000000033ccad0 code [0x00000000033ccca0, 0x00000000033cd398]
Event: 12.685 Thread 0x0000000016bd5800 4101       3       jdk.internal.org.objectweb.asm.ClassWriter::toByteArray (1289 bytes)
Event: 12.687 Thread 0x0000000016bd5800 nmethod 4101 0x00000000036fcb90 code [0x00000000036fd3a0, 0x0000000003701118]

GC Heap History (10 events):
Event: 3.706 GC heap before
{Heap before GC invocations=8 (full 1):
 PSYoungGen      total 76288K, used 66560K [0x00000000e0000000, 0x00000000e5500000, 0x0000000100000000)
  eden space 66560K, 100% used [0x00000000e0000000,0x00000000e4100000,0x00000000e4100000)
  from space 9728K, 0% used [0x00000000e4b80000,0x00000000e4b80000,0x00000000e5500000)
  to   space 10240K, 0% used [0x00000000e4100000,0x00000000e4100000,0x00000000e4b00000)
 ParOldGen       total 55808K, used 8238K [0x00000000a0000000, 0x00000000a3680000, 0x00000000e0000000)
  object space 55808K, 14% used [0x00000000a0000000,0x00000000a080ba88,0x00000000a3680000)
 Metaspace       used 29080K, capacity 29632K, committed 30080K, reserved 1075200K
  class space    used 3930K, capacity 4102K, committed 4224K, reserved 1048576K
Event: 3.715 GC heap after
Heap after GC invocations=8 (full 1):
 PSYoungGen      total 76800K, used 8125K [0x00000000e0000000, 0x00000000e8280000, 0x0000000100000000)
  eden space 66560K, 0% used [0x00000000e0000000,0x00000000e0000000,0x00000000e4100000)
  from space 10240K, 79% used [0x00000000e4100000,0x00000000e48ef560,0x00000000e4b00000)
  to   space 10752K, 0% used [0x00000000e7800000,0x00000000e7800000,0x00000000e8280000)
 ParOldGen       total 55808K, used 8246K [0x00000000a0000000, 0x00000000a3680000, 0x00000000e0000000)
  object space 55808K, 14% used [0x00000000a0000000,0x00000000a080da88,0x00000000a3680000)
 Metaspace       used 29080K, capacity 29632K, committed 30080K, reserved 1075200K
  class space    used 3930K, capacity 4102K, committed 4224K, reserved 1048576K
}
Event: 4.562 GC heap before
{Heap before GC invocations=9 (full 1):
 PSYoungGen      total 76800K, used 74685K [0x00000000e0000000, 0x00000000e8280000, 0x0000000100000000)
  eden space 66560K, 100% used [0x00000000e0000000,0x00000000e4100000,0x00000000e4100000)
  from space 10240K, 79% used [0x00000000e4100000,0x00000000e48ef560,0x00000000e4b00000)
  to   space 10752K, 0% used [0x00000000e7800000,0x00000000e7800000,0x00000000e8280000)
 ParOldGen       total 55808K, used 8246K [0x00000000a0000000, 0x00000000a3680000, 0x00000000e0000000)
  object space 55808K, 14% used [0x00000000a0000000,0x00000000a080da88,0x00000000a3680000)
 Metaspace       used 32398K, capacity 33022K, committed 33408K, reserved 1077248K
  class space    used 4468K, capacity 4656K, committed 4736K, reserved 1048576K
Event: 4.606 GC heap after
Heap after GC invocations=9 (full 1):
 PSYoungGen      total 122880K, used 8639K [0x00000000e0000000, 0x00000000e8580000, 0x0000000100000000)
  eden space 112128K, 0% used [0x00000000e0000000,0x00000000e0000000,0x00000000e6d80000)
  from space 10752K, 80% used [0x00000000e7800000,0x00000000e806ffa8,0x00000000e8280000)
  to   space 10752K, 0% used [0x00000000e6d80000,0x00000000e6d80000,0x00000000e7800000)
 ParOldGen       total 55808K, used 8254K [0x00000000a0000000, 0x00000000a3680000, 0x00000000e0000000)
  object space 55808K, 14% used [0x00000000a0000000,0x00000000a080fa88,0x00000000a3680000)
 Metaspace       used 32398K, capacity 33022K, committed 33408K, reserved 1077248K
  class space    used 4468K, capacity 4656K, committed 4736K, reserved 1048576K
}
Event: 5.690 GC heap before
{Heap before GC invocations=10 (full 1):
 PSYoungGen      total 122880K, used 55949K [0x00000000e0000000, 0x00000000e8580000, 0x0000000100000000)
  eden space 112128K, 42% used [0x00000000e0000000,0x00000000e2e336a8,0x00000000e6d80000)
  from space 10752K, 80% used [0x00000000e7800000,0x00000000e806ffa8,0x00000000e8280000)
  to   space 10752K, 0% used [0x00000000e6d80000,0x00000000e6d80000,0x00000000e7800000)
 ParOldGen       total 55808K, used 8254K [0x00000000a0000000, 0x00000000a3680000, 0x00000000e0000000)
  object space 55808K, 14% used [0x00000000a0000000,0x00000000a080fa88,0x00000000a3680000)
 Metaspace       used 34702K, capacity 35420K, committed 35496K, reserved 1079296K
  class space    used 4783K, capacity 4995K, committed 5032K, reserved 1048576K
Event: 5.701 GC heap after
Heap after GC invocations=10 (full 1):
 PSYoungGen      total 122880K, used 9712K [0x00000000e0000000, 0x00000000eb280000, 0x0000000100000000)
  eden space 112128K, 0% used [0x00000000e0000000,0x00000000e0000000,0x00000000e6d80000)
  from space 10752K, 90% used [0x00000000e6d80000,0x00000000e76fc128,0x00000000e7800000)
  to   space 11776K, 0% used [0x00000000ea700000,0x00000000ea700000,0x00000000eb280000)
 ParOldGen       total 55808K, used 8262K [0x00000000a0000000, 0x00000000a3680000, 0x00000000e0000000)
  object space 55808K, 14% used [0x00000000a0000000,0x00000000a0811a88,0x00000000a3680000)
 Metaspace       used 34702K, capacity 35420K, committed 35496K, reserved 1079296K
  class space    used 4783K, capacity 4995K, committed 5032K, reserved 1048576K
}
Event: 5.701 GC heap before
{Heap before GC invocations=11 (full 2):
 PSYoungGen      total 122880K, used 9712K [0x00000000e0000000, 0x00000000eb280000, 0x0000000100000000)
  eden space 112128K, 0% used [0x00000000e0000000,0x00000000e0000000,0x00000000e6d80000)
  from space 10752K, 90% used [0x00000000e6d80000,0x00000000e76fc128,0x00000000e7800000)
  to   space 11776K, 0% used [0x00000000ea700000,0x00000000ea700000,0x00000000eb280000)
 ParOldGen       total 55808K, used 8262K [0x00000000a0000000, 0x00000000a3680000, 0x00000000e0000000)
  object space 55808K, 14% used [0x00000000a0000000,0x00000000a0811a88,0x00000000a3680000)
 Metaspace       used 34702K, capacity 35420K, committed 35496K, reserved 1079296K
  class space    used 4783K, capacity 4995K, committed 5032K, reserved 1048576K
Event: 5.751 GC heap after
Heap after GC invocations=11 (full 2):
 PSYoungGen      total 122880K, used 0K [0x00000000e0000000, 0x00000000eb280000, 0x0000000100000000)
  eden space 112128K, 0% used [0x00000000e0000000,0x00000000e0000000,0x00000000e6d80000)
  from space 10752K, 0% used [0x00000000e6d80000,0x00000000e6d80000,0x00000000e7800000)
  to   space 11776K, 0% used [0x00000000ea700000,0x00000000ea700000,0x00000000eb280000)
 ParOldGen       total 79872K, used 16591K [0x00000000a0000000, 0x00000000a4e00000, 0x00000000e0000000)
  object space 79872K, 20% used [0x00000000a0000000,0x00000000a1033da8,0x00000000a4e00000)
 Metaspace       used 34700K, capacity 35414K, committed 35496K, reserved 1079296K
  class space    used 4782K, capacity 4994K, committed 5032K, reserved 1048576K
}
Event: 12.385 GC heap before
{Heap before GC invocations=12 (full 2):
 PSYoungGen      total 122880K, used 112128K [0x00000000e0000000, 0x00000000eb280000, 0x0000000100000000)
  eden space 112128K, 100% used [0x00000000e0000000,0x00000000e6d80000,0x00000000e6d80000)
  from space 10752K, 0% used [0x00000000e6d80000,0x00000000e6d80000,0x00000000e7800000)
  to   space 11776K, 0% used [0x00000000ea700000,0x00000000ea700000,0x00000000eb280000)
 ParOldGen       total 79872K, used 16591K [0x00000000a0000000, 0x00000000a4e00000, 0x00000000e0000000)
  object space 79872K, 20% used [0x00000000a0000000,0x00000000a1033da8,0x00000000a4e00000)
 Metaspace       used 45413K, capacity 46426K, committed 46632K, reserved 1089536K
  class space    used 6112K, capacity 6354K, committed 6440K, reserved 1048576K
Event: 12.402 GC heap after
Heap after GC invocations=12 (full 2):
 PSYoungGen      total 163328K, used 11752K [0x00000000e0000000, 0x00000000eb280000, 0x0000000100000000)
  eden space 151552K, 0% used [0x00000000e0000000,0x00000000e0000000,0x00000000e9400000)
  from space 11776K, 99% used [0x00000000ea700000,0x00000000eb27a000,0x00000000eb280000)
  to   space 13824K, 0% used [0x00000000e9780000,0x00000000e9780000,0x00000000ea500000)
 ParOldGen       total 79872K, used 19249K [0x00000000a0000000, 0x00000000a4e00000, 0x00000000e0000000)
  object space 79872K, 24% used [0x00000000a0000000,0x00000000a12cc4b0,0x00000000a4e00000)
 Metaspace       used 45413K, capacity 46426K, committed 46632K, reserved 1089536K
  class space    used 6112K, capacity 6354K, committed 6440K, reserved 1048576K
}

Deoptimization events (10 events):
Event: 10.431 Thread 0x00000000187b1800 Uncommon trap: reason=unstable_if action=reinterpret pc=0x0000000003728030 method=java.util.jar.JarFile.maybeInstantiateVerifier()V @ 4
Event: 10.431 Thread 0x00000000187b1800 Uncommon trap: reason=unstable_if action=reinterpret pc=0x0000000003e223fc method=java.security.CodeSource.matchCerts(Ljava/security/CodeSource;Z)Z @ 11
Event: 10.446 Thread 0x00000000187b1800 Uncommon trap: reason=unstable_if action=reinterpret pc=0x0000000003d01300 method=java.util.LinkedHashMap.get(Ljava/lang/Object;)Ljava/lang/Object; @ 20
Event: 10.549 Thread 0x00000000187b1800 Uncommon trap: reason=unstable_if action=reinterpret pc=0x0000000003ad94e4 method=org.objectweb.asm.ByteVector.putUTF8(Ljava/lang/String;)Lorg/objectweb/asm/ByteVector; @ 93
Event: 10.604 Thread 0x00000000187b1800 Uncommon trap: reason=unstable_if action=reinterpret pc=0x0000000003e2f890 method=java.util.concurrent.ConcurrentHashMap.addCount(JI)V @ 110
Event: 10.665 Thread 0x00000000187b1800 Uncommon trap: reason=unstable_if action=reinterpret pc=0x0000000003e2a8e8 method=java.util.concurrent.ConcurrentHashMap.addCount(JI)V @ 110
Event: 12.185 Thread 0x00000000187b1800 Uncommon trap: reason=unstable_if action=reinterpret pc=0x0000000003ac4e90 method=org.gradle.internal.reflect.PropertyAccessorType.of(Ljava/lang/reflect/Method;)Lorg/gradle/internal/reflect/PropertyAccessorType; @ 56
Event: 12.342 Thread 0x00000000187b1800 Uncommon trap: reason=unstable_if action=reinterpret pc=0x0000000003ddb168 method=org.codehaus.groovy.runtime.metaclass.MetaMethodIndex.isNonRealMethod(Lgroovy/lang/MetaMethod;)Z @ 4
Event: 12.342 Thread 0x00000000187b1800 Uncommon trap: reason=unstable_if action=reinterpret pc=0x0000000003bc2c94 method=groovy.lang.MetaClassImpl$1MOPIter.methodNameAction(Ljava/lang/Class;Lorg/codehaus/groovy/runtime/metaclass/MetaMethodIndex$Entry;)V @ 182
Event: 12.361 Thread 0x00000000187b1800 Uncommon trap: reason=unstable_if action=reinterpret pc=0x0000000003f187e4 method=java.lang.ClassLoader.checkCerts(Ljava/lang/String;Ljava/security/CodeSource;)V @ 29

Classes redefined (0 events):
No events

Internal exceptions (10 events):
Event: 12.587 Thread 0x00000000187b1800 Exception <a 'java/lang/ClassNotFoundException': build_2ncpstgyictuzlynbjw5g7aoj$_run_closure1BeanInfo> (0x00000000e0dfd1c8) thrown at [D:\src\AOSP-openjdk-cygwin\jdk8u\hotspot\src\share\vm\classfile\systemDictionary.cpp, line 210]
Event: 12.587 Thread 0x00000000187b1800 Exception <a 'java/lang/ClassNotFoundException': build_2ncpstgyictuzlynbjw5g7aoj$_run_closure1Customizer> (0x00000000e0e0e598) thrown at [D:\src\AOSP-openjdk-cygwin\jdk8u\hotspot\src\share\vm\classfile\systemDictionary.cpp, line 210]
Event: 12.609 Thread 0x00000000187b1800 Exception <a 'java/lang/ClassNotFoundException': org/gradle/api/internal/file/collections/DefaultConfigurableFileTreeBeanInfo> (0x00000000e0fb01c0) thrown at [D:\src\AOSP-openjdk-cygwin\jdk8u\hotspot\src\share\vm\classfile\systemDictionary.cpp, line 210]
Event: 12.610 Thread 0x00000000187b1800 Exception <a 'java/lang/ClassNotFoundException': org/gradle/api/internal/file/CompositeFileTreeBeanInfo> (0x00000000e0fe3f88) thrown at [D:\src\AOSP-openjdk-cygwin\jdk8u\hotspot\src\share\vm\classfile\systemDictionary.cpp, line 210]
Event: 12.611 Thread 0x00000000187b1800 Exception <a 'java/lang/ClassNotFoundException': org/gradle/api/internal/file/CompositeFileCollectionBeanInfo> (0x00000000e101bc08) thrown at [D:\src\AOSP-openjdk-cygwin\jdk8u\hotspot\src\share\vm\classfile\systemDictionary.cpp, line 210]
Event: 12.611 Thread 0x00000000187b1800 Exception <a 'java/lang/ClassNotFoundException': org/gradle/api/internal/file/AbstractFileCollectionBeanInfo> (0x00000000e10539e0) thrown at [D:\src\AOSP-openjdk-cygwin\jdk8u\hotspot\src\share\vm\classfile\systemDictionary.cpp, line 210]
Event: 12.611 Thread 0x00000000187b1800 Exception <a 'java/lang/ClassNotFoundException': org/gradle/api/internal/file/AbstractFileCollectionCustomizer> (0x00000000e108c290) thrown at [D:\src\AOSP-openjdk-cygwin\jdk8u\hotspot\src\share\vm\classfile\systemDictionary.cpp, line 210]
Event: 12.612 Thread 0x00000000187b1800 Exception <a 'java/lang/ClassNotFoundException': org/gradle/api/internal/file/CompositeFileCollectionCustomizer> (0x00000000e10d22e8) thrown at [D:\src\AOSP-openjdk-cygwin\jdk8u\hotspot\src\share\vm\classfile\systemDictionary.cpp, line 210]
Event: 12.613 Thread 0x00000000187b1800 Exception <a 'java/lang/ClassNotFoundException': org/gradle/api/internal/file/CompositeFileTreeCustomizer> (0x00000000e1116ca8) thrown at [D:\src\AOSP-openjdk-cygwin\jdk8u\hotspot\src\share\vm\classfile\systemDictionary.cpp, line 210]
Event: 12.613 Thread 0x00000000187b1800 Exception <a 'java/lang/ClassNotFoundException': org/gradle/api/internal/file/collections/DefaultConfigurableFileTreeCustomizer> (0x00000000e1164f10) thrown at [D:\src\AOSP-openjdk-cygwin\jdk8u\hotspot\src\share\vm\classfile\systemDictionary.cpp, line 210

Events (10 events):
Event: 12.666 loading class com/google/wireless/android/sdk/stats/GradleBuildSplits$2 done
Event: 12.679 loading class com/google/wireless/android/sdk/stats/GradleBuildSplits$3
Event: 12.679 loading class com/google/wireless/android/sdk/stats/GradleBuildSplits$3 done
Event: 12.680 loading class com/google/wireless/android/sdk/stats/GradleBuildSplits$Builder
Event: 12.680 loading class com/google/wireless/android/sdk/stats/GradleBuildSplits$Builder done
Event: 12.683 loading class java/util/Collections$2
Event: 12.683 loading class java/util/Collections$2 done
Event: 12.688 loading class com/android/builder/core/VariantType
Event: 12.688 loading class com/android/builder/core/VariantType done
Event: 12.688 loading class java/util/stream/MatchOps$MatchKind


Dynamic libraries:
0x00007ff6b92d0000 - 0x00007ff6b9301000 	C:\Program Files\Android\Android Studio1\jre\bin\java.exe
0x00007ffab9740000 - 0x00007ffab9930000 	C:\WINDOWS\SYSTEM32\ntdll.dll
0x00007ffab8340000 - 0x00007ffab83f2000 	C:\WINDOWS\System32\KERNEL32.DLL
0x00007ffab66d0000 - 0x00007ffab6973000 	C:\WINDOWS\System32\KERNELBASE.dll
0x00007ffab47b0000 - 0x00007ffab483f000 	C:\WINDOWS\SYSTEM32\apphelp.dll
0x00007ffab7f70000 - 0x00007ffab8013000 	C:\WINDOWS\System32\ADVAPI32.dll
0x00007ffab8e40000 - 0x00007ffab8ede000 	C:\WINDOWS\System32\msvcrt.dll
0x00007ffab84d0000 - 0x00007ffab8567000 	C:\WINDOWS\System32\sechost.dll
0x00007ffab9160000 - 0x00007ffab9280000 	C:\WINDOWS\System32\RPCRT4.dll
0x00007ffab77f0000 - 0x00007ffab7984000 	C:\WINDOWS\System32\USER32.dll
0x00007ffab6a60000 - 0x00007ffab6a81000 	C:\WINDOWS\System32\win32u.dll
0x00007ffab96a0000 - 0x00007ffab96c6000 	C:\WINDOWS\System32\GDI32.dll
0x00007ffab73b0000 - 0x00007ffab7544000 	C:\WINDOWS\System32\gdi32full.dll
0x00007ffab7310000 - 0x00007ffab73ae000 	C:\WINDOWS\System32\msvcp_win.dll
0x00007ffab6a90000 - 0x00007ffab6b8a000 	C:\WINDOWS\System32\ucrtbase.dll
0x00007ffaa6e90000 - 0x00007ffaa7115000 	C:\WINDOWS\WinSxS\amd64_microsoft.windows.common-controls_6595b64144ccf1df_6.0.18362.535_none_e6c3b34713100821\COMCTL32.dll
0x00007ffab9280000 - 0x00007ffab95b6000 	C:\WINDOWS\System32\combase.dll
0x00007ffab6980000 - 0x00007ffab6a00000 	C:\WINDOWS\System32\bcryptPrimitives.dll
0x00007ffab81d0000 - 0x00007ffab81fe000 	C:\WINDOWS\System32\IMM32.DLL
0x00000000705a0000 - 0x0000000070672000 	C:\Program Files\Android\Android Studio1\jre\jre\bin\msvcr100.dll
0x0000000070760000 - 0x0000000070fa6000 	C:\Program Files\Android\Android Studio1\jre\jre\bin\server\jvm.dll
0x00007ffab7f60000 - 0x00007ffab7f68000 	C:\WINDOWS\System32\PSAPI.DLL
0x00007ffab2f60000 - 0x00007ffab2f69000 	C:\WINDOWS\SYSTEM32\WSOCK32.dll
0x00007ffab44a0000 - 0x00007ffab44c4000 	C:\WINDOWS\SYSTEM32\WINMM.dll
0x00007ffab01c0000 - 0x00007ffab01ca000 	C:\WINDOWS\SYSTEM32\VERSION.dll
0x00007ffab86d0000 - 0x00007ffab873f000 	C:\WINDOWS\System32\WS2_32.dll
0x00007ffab4470000 - 0x00007ffab449d000 	C:\WINDOWS\SYSTEM32\winmmbase.dll
0x00007ffab76a0000 - 0x00007ffab76ea000 	C:\WINDOWS\System32\cfgmgr32.dll
0x00007ffab2f50000 - 0x00007ffab2f5f000 	C:\Program Files\Android\Android Studio1\jre\jre\bin\verify.dll
0x00007ffaa6b60000 - 0x00007ffaa6b89000 	C:\Program Files\Android\Android Studio1\jre\jre\bin\java.dll
0x00007ffab22a0000 - 0x00007ffab22b6000 	C:\Program Files\Android\Android Studio1\jre\jre\bin\zip.dll
0x00007ffab8740000 - 0x00007ffab8e25000 	C:\WINDOWS\System32\SHELL32.dll
0x00007ffab7eb0000 - 0x00007ffab7f59000 	C:\WINDOWS\System32\shcore.dll
0x00007ffab6b90000 - 0x00007ffab730f000 	C:\WINDOWS\System32\windows.storage.dll
0x00007ffab6620000 - 0x00007ffab663f000 	C:\WINDOWS\System32\profapi.dll
0x00007ffab6660000 - 0x00007ffab66aa000 	C:\WINDOWS\System32\powrprof.dll
0x00007ffab6610000 - 0x00007ffab6620000 	C:\WINDOWS\System32\UMPDC.dll
0x00007ffab9640000 - 0x00007ffab9692000 	C:\WINDOWS\System32\shlwapi.dll
0x00007ffab6640000 - 0x00007ffab6651000 	C:\WINDOWS\System32\kernel.appcore.dll
0x00007ffab76f0000 - 0x00007ffab7707000 	C:\WINDOWS\System32\cryptsp.dll
0x00007ffaa32a0000 - 0x00007ffaa32ba000 	C:\Program Files\Android\Android Studio1\jre\jre\bin\net.dll
0x00007ffab5e80000 - 0x00007ffab5ee7000 	C:\WINDOWS\system32\mswsock.dll
0x00007ffaa3280000 - 0x00007ffaa3291000 	C:\Program Files\Android\Android Studio1\jre\jre\bin\nio.dll
0x00007ffaa44a0000 - 0x00007ffaa44c6000 	C:\Users\Pichau\.gradle\native\29\windows-amd64\native-platform.dll
0x00007ffab2f40000 - 0x00007ffab2f4d000 	C:\Program Files\Android\Android Studio1\jre\jre\bin\management.dll
0x00007ffab59f0000 - 0x00007ffab5a23000 	C:\WINDOWS\system32\rsaenh.dll
0x00007ffab77c0000 - 0x00007ffab77e6000 	C:\WINDOWS\System32\bcrypt.dll
0x00007ffab6500000 - 0x00007ffab6525000 	C:\WINDOWS\SYSTEM32\USERENV.dll
0x00007ffab6050000 - 0x00007ffab605c000 	C:\WINDOWS\SYSTEM32\CRYPTBASE.dll
0x00007ffab5b90000 - 0x00007ffab5bca000 	C:\WINDOWS\SYSTEM32\IPHLPAPI.DLL
0x00007ffab96f0000 - 0x00007ffab96f8000 	C:\WINDOWS\System32\NSI.dll
0x00007ffab01a0000 - 0x00007ffab01b6000 	C:\WINDOWS\SYSTEM32\dhcpcsvc6.DLL
0x00007ffab0170000 - 0x00007ffab018c000 	C:\WINDOWS\SYSTEM32\dhcpcsvc.DLL
0x00007ffab5bd0000 - 0x00007ffab5c9a000 	C:\WINDOWS\SYSTEM32\DNSAPI.dll

VM Arguments:
jvm_args: -Xmx1536m -Dfile.encoding=windows-1252 -Duser.country=BR -Duser.language=pt -Duser.variant 
java_command: org.gradle.launcher.daemon.bootstrap.GradleDaemon 5.4.1
java_class_path (initial): C:\Users\Pichau\.gradle\wrapper\dists\gradle-5.4.1-all\3221gyojl5jsh0helicew7rwx\gradle-5.4.1\lib\gradle-launcher-5.4.1.jar
Launcher Type: SUN_STANDARD

Environment Variables:
PATH=C:\Program Files (x86)\Razer\ChromaBroadcast\bin;C:\Program Files\Razer\ChromaBroadcast\bin;C:\Program Files (x86)\Google\Chrome\Application;C:\Program Files (x86)\Common Files\Oracle\Java\javapath;C:\Program Files (x86)\Intel\Intel(R) Management Engine Components\iCLS\;C:\Program Files\Intel\Intel(R) Management Engine Components\iCLS\;C:\Windows\system32;C:\Windows;C:\Windows\System32\Wbem;C:\Windows\System32\WindowsPowerShell\v1.0\;C:\Windows\System32\OpenSSH\;C:\Program Files (x86)\Intel\Intel(R) Management Engine Components\DAL;C:\Program Files\Intel\Intel(R) Management Engine Components\DAL;C:\Program Files (x86)\Intel\Intel(R) Management Engine Components\IPT;C:\Program Files\Intel\Intel(R) Management Engine Components\IPT;C:\Users\Pichau\AppData\Local\Microsoft\WindowsApps;C:\Program Files\Microsoft SQL Server\Client SDK\ODBC\130\Tools\Binn\;C:\Program Files (x86)\Microsoft SQL Server\150\DTS\Binn\;C:\Program Files\dotnet\;C:\Program Files\Microsoft SQL Server\Client SDK\ODBC\170\Tools\Binn\;C:\WINDOWS\system32;C:\WINDOWS;C:\WINDOWS\System32\Wbem;C:\WINDOWS\System32\WindowsPowerShell\v1.0\;C:\WINDOWS\System32\OpenSSH\;C:\Program Files\NVIDIA Corporation\NVIDIA NvDLISR;C:\Program Files (x86)\Windows Kits\8.1\Windows Performance Toolkit\;C:\Program Files\Git\cmd;C:\Program Files\Git\mingw64\bin;C:\Program Files\Git\usr\bin;C:\Users\Pichau\AppData\Local\Microsoft\WindowsApps;C:\Users\Pichau\AppData\Local\Programs\Microsoft VS Code\bin;C:\Users\Pichau\AppData\Local\GitHubDesktop\bin;C:\Users\Pichau\AppData\Local\Microsoft\WindowsApps;C:\Users\Pichau\AppData\Local\Programs\Microsoft VS Code\bin;C:\Users\Pichau\AppData\Local\GitHubDesktop\bin
USERNAME=Pichau
OS=Windows_NT
PROCESSOR_IDENTIFIER=Intel64 Family 6 Model 158 Stepping 9, GenuineIntel



---------------  S Y S T E M  ---------------

OS: Windows 10.0 , 64 bit Build 18362 (10.0.18362.329)

CPU:total 4 (initial active 4) (4 cores per cpu, 1 threads per core) family 6 model 158 stepping 9, cmov, cx8, fxsr, mmx, sse, sse2, sse3, ssse3, sse4.1, sse4.2, popcnt, avx, avx2, aes, clmul, erms, 3dnowpref, lzcnt, tsc, tscinvbit, bmi1, bmi2, adx

Memory: 4k page, physical 8351888k(2209108k free), swap 8351888k(6060k free)

vm_info: OpenJDK 64-Bit Server VM (25.202-b03) for windows-amd64 JRE (1.8.0_202-release-1483-b03), built by "builder" with MS VC++ 10.0 (VS2010)

time: Thu Dec 19 01:19:59 2019
timezone: Hora oficial do Brasil
elapsed time: 12 seconds (0d 0h 0m 12s)

