#
# There is insufficient memory for the Java Runtime Environment to continue.
# Native memory allocation (malloc) failed to allocate 519216 bytes for Chunk::new
# Possible reasons:
#   The system is out of physical RAM or swap space
#   The process is running with CompressedOops enabled, and the Java Heap may be blocking the growth of the native heap
# Possible solutions:
#   Reduce memory load on the system
#   Increase physical memory or swap space
#   Check if swap backing store is full
#   Decrease Java heap size (-Xmx/-Xms)
#   Decrease number of Java threads
#   Decrease Java thread stack sizes (-Xss)
#   Set larger code cache with -XX:ReservedCodeCacheSize=
#   JVM is running with Unscaled Compressed Oops mode in which the Java heap is
#     placed in the first 4GB address space. The Java Heap base address is the
#     maximum limit for the native heap growth. Please use -XX:HeapBaseMinAddress
#     to set the Java Heap base and to place the Java Heap above 4GB virtual address.
# This output file may be truncated or incomplete.
#
#  Out of Memory Error (allocation.cpp:389), pid=10100, tid=0x0000000000002204
#
# JRE version: OpenJDK Runtime Environment (8.0_202-b03) (build 1.8.0_202-release-1483-b03)
# Java VM: OpenJDK 64-Bit Server VM (25.202-b03 mixed mode windows-amd64 compressed oops)
# Failed to write core dump. Minidumps are not enabled by default on client versions of Windows
#

---------------  T H R E A D  ---------------

Current thread (0x00000000160c9000):  JavaThread "C2 CompilerThread0" daemon [_thread_in_native, id=8708, stack(0x0000000017760000,0x0000000017860000)]

Stack: [0x0000000017760000,0x0000000017860000]
[error occurred during error reporting (printing stack bounds), id 0xc0000005]

Native frames: (J=compiled Java code, j=interpreted, Vv=VM code, C=native code)


Current CompileTask:
C2:   9410 3991       4       java.beans.Introspector::addMethod (196 bytes)


---------------  P R O C E S S  ---------------

Java Threads: ( => current thread )
  0x0000000020288800 JavaThread "Cache worker for Build Output Cleanup Cache (C:\Users\Pichau\Desktop\AgendadeEventos\.gradle\buildOutputCleanup)" [_thread_blocked, id=6268, stack(0x0000000021f40000,0x0000000022040000)]
  0x0000000020281000 JavaThread "Build operations Thread 4" [_thread_blocked, id=6088, stack(0x0000000021590000,0x0000000021690000)]
  0x0000000020286000 JavaThread "Build operations Thread 3" [_thread_blocked, id=4916, stack(0x0000000021490000,0x0000000021590000)]
  0x0000000020283000 JavaThread "Build operations Thread 2" [_thread_blocked, id=8076, stack(0x0000000021390000,0x0000000021490000)]
  0x0000000020280000 JavaThread "Build operations" [_thread_blocked, id=5660, stack(0x0000000021290000,0x0000000021390000)]
  0x0000000020287000 JavaThread "Cache worker for execution history cache (C:\Users\Pichau\.gradle\caches\5.4.1\executionHistory)" [_thread_blocked, id=9304, stack(0x0000000021190000,0x0000000021290000)]
  0x0000000018bf1800 JavaThread "Cache worker for cache directory md-rule (C:\Users\Pichau\.gradle\caches\5.4.1\md-rule)" [_thread_blocked, id=7736, stack(0x0000000021090000,0x0000000021190000)]
  0x0000000018bf6000 JavaThread "Cache worker for cache directory md-supplier (C:\Users\Pichau\.gradle\caches\5.4.1\md-supplier)" [_thread_blocked, id=2212, stack(0x000000001eb40000,0x000000001ec40000)]
  0x0000000018bef800 JavaThread "Cache worker for file hash cache (C:\Users\Pichau\Desktop\AgendadeEventos\.gradle\5.4.1\fileHashes)" [_thread_blocked, id=8864, stack(0x000000001e240000,0x000000001e340000)]
  0x0000000018bf0000 JavaThread "Cache worker for journal cache (C:\Users\Pichau\.gradle\caches\journal-1)" [_thread_blocked, id=8792, stack(0x000000001acd0000,0x000000001add0000)]
  0x0000000018bf5800 JavaThread "File lock request listener" [_thread_in_native, id=1104, stack(0x000000001abd0000,0x000000001acd0000)]
  0x000000001939e800 JavaThread "Cache worker for file hash cache (C:\Users\Pichau\.gradle\caches\5.4.1\fileHashes)" [_thread_blocked, id=5316, stack(0x000000001aad0000,0x000000001abd0000)]
  0x0000000019383000 JavaThread "Thread-9" [_thread_blocked, id=9796, stack(0x000000001a9d0000,0x000000001aad0000)]
  0x0000000019118800 JavaThread "Stdin handler" [_thread_blocked, id=2388, stack(0x000000001a8d0000,0x000000001a9d0000)]
  0x0000000018086000 JavaThread "Asynchronous log dispatcher for DefaultDaemonConnection: socket connection from /127.0.0.1:50795 to /127.0.0.1:50796" [_thread_blocked, id=7204, stack(0x000000001a7d0000,0x000000001a8d0000)]
  0x000000001806f000 JavaThread "Daemon worker" [_thread_in_native, id=2176, stack(0x000000001a6d0000,0x000000001a7d0000)]
  0x000000001806e000 JavaThread "Cancel handler" [_thread_blocked, id=4928, stack(0x000000001a5d0000,0x000000001a6d0000)]
  0x0000000017d1e800 JavaThread "Handler for socket connection from /127.0.0.1:50795 to /127.0.0.1:50796" [_thread_in_native, id=1976, stack(0x000000001a2d0000,0x000000001a3d0000)]
  0x00000000191ef000 JavaThread "Daemon" [_thread_blocked, id=6312, stack(0x000000001a1d0000,0x000000001a2d0000)]
  0x000000001888c000 JavaThread "Daemon periodic checks" [_thread_blocked, id=6992, stack(0x000000001a0d0000,0x000000001a1d0000)]
  0x0000000017e19800 JavaThread "Incoming local TCP Connector on port 50795" [_thread_in_native, id=560, stack(0x0000000019e70000,0x0000000019f70000)]
  0x00000000192d2800 JavaThread "Daemon health stats" [_thread_blocked, id=9860, stack(0x0000000019830000,0x0000000019930000)]
  0x0000000017a88800 JavaThread "Service Thread" daemon [_thread_blocked, id=3104, stack(0x0000000017e60000,0x0000000017f60000)]
  0x00000000160d9800 JavaThread "C1 CompilerThread2" daemon [_thread_blocked, id=3776, stack(0x0000000017960000,0x0000000017a60000)]
  0x00000000160cd000 JavaThread "C2 CompilerThread1" daemon [_thread_in_native, id=8900, stack(0x0000000017860000,0x0000000017960000)]
=>0x00000000160c9000 JavaThread "C2 CompilerThread0" daemon [_thread_in_native, id=8708, stack(0x0000000017760000,0x0000000017860000)]
  0x00000000160d7000 JavaThread "Attach Listener" daemon [_thread_blocked, id=6024, stack(0x0000000017660000,0x0000000017760000)]
  0x00000000160d5800 JavaThread "Signal Dispatcher" daemon [_thread_blocked, id=5944, stack(0x0000000017560000,0x0000000017660000)]
  0x00000000160b8800 JavaThread "Finalizer" daemon [_thread_blocked, id=4972, stack(0x0000000017350000,0x0000000017450000)]
  0x0000000002752000 JavaThread "Reference Handler" daemon [_thread_blocked, id=4476, stack(0x0000000017250000,0x0000000017350000)]
  0x000000000265e000 JavaThread "main" [_thread_blocked, id=1868, stack(0x0000000002500000,0x0000000002600000)]

Other Threads:
  0x0000000016095800 VMThread [stack: 0x0000000017150000,0x0000000017250000] [id=7060]
  0x000000001612e800 WatcherThread [stack: 0x0000000017f60000,0x0000000018060000] [id=1324]

VM state:not at safepoint (normal execution)

VM Mutex/Monitor currently owned by a thread: None

heap address: 0x00000000a0000000, size: 1536 MB, Compressed Oops mode: 32-bit
Narrow klass base: 0x0000000000000000, Narrow klass shift: 3
Compressed class space size: 1073741824 Address: 0x0000000100000000

Heap:
 PSYoungGen      total 104960K, used 51640K [0x00000000e0000000, 0x00000000e8f00000, 0x0000000100000000)
  eden space 92672K, 42% used [0x00000000e0000000,0x00000000e266f768,0x00000000e5a80000)
  from space 12288K, 99% used [0x00000000e5a80000,0x00000000e667ea10,0x00000000e6680000)
  to   space 14336K, 0% used [0x00000000e8100000,0x00000000e8100000,0x00000000e8f00000)
 ParOldGen       total 93696K, used 18742K [0x00000000a0000000, 0x00000000a5b80000, 0x00000000e0000000)
  object space 93696K, 20% used [0x00000000a0000000,0x00000000a124d8c8,0x00000000a5b80000)
 Metaspace       used 45607K, capacity 46728K, committed 47016K, reserved 1089536K
  class space    used 6164K, capacity 6459K, committed 6568K, reserved 1048576K

Card table byte_map: [0x0000000011b20000,0x0000000011e30000] byte_map_base: 0x0000000011620000

Marking Bits: (ParMarkBitMap*) 0x0000000075979f30
 Begin Bits: [0x0000000012430000, 0x0000000013c30000)
 End Bits:   [0x0000000013c30000, 0x0000000015430000)

Polling page: 0x00000000008e0000

CodeCache: size=245760Kb used=12343Kb max_used=12343Kb free=233416Kb
 bounds [0x0000000002760000, 0x0000000003380000, 0x0000000011760000]
 total_blobs=4363 nmethods=3607 adapters=669
 compilation: enabled

Compilation events (10 events):
Event: 9.359 Thread 0x00000000160d9800 3999       3       org.gradle.api.internal.collections.AbstractIterationOrderRetainingElementSource$Element::getValues (16 bytes)
Event: 9.360 Thread 0x00000000160d9800 nmethod 3999 0x0000000003378750 code [0x00000000033788c0, 0x0000000003378aa8]
Event: 9.360 Thread 0x00000000160d9800 4000       1       org.gradle.api.internal.collections.AbstractIterationOrderRetainingElementSource$ValuePointer::getElement (5 bytes)
Event: 9.360 Thread 0x00000000160d9800 nmethod 4000 0x0000000003370950 code [0x0000000003370aa0, 0x0000000003370bb0]
Event: 9.360 Thread 0x00000000160d9800 4001       1       org.gradle.api.internal.collections.AbstractIterationOrderRetainingElementSource$ValuePointer::getIndex (5 bytes)
Event: 9.360 Thread 0x00000000160d9800 nmethod 4001 0x0000000003378b50 code [0x0000000003378ca0, 0x0000000003378db0]
Event: 9.360 Thread 0x00000000160d9800 4002       1       org.codehaus.groovy.runtime.callsite.AbstractCallSite::getIndex (5 bytes)
Event: 9.360 Thread 0x00000000160d9800 nmethod 4002 0x0000000003378e10 code [0x0000000003378f60, 0x0000000003379070]
Event: 9.391 Thread 0x00000000160d9800 4003       3       org.gradle.util.Path::<init> (15 bytes)
Event: 9.391 Thread 0x00000000160d9800 nmethod 4003 0x00000000033790d0 code [0x0000000003379220, 0x00000000033793f0]

GC Heap History (10 events):
Event: 3.175 GC heap before
{Heap before GC invocations=7 (full 1):
 PSYoungGen      total 71680K, used 66560K [0x00000000e0000000, 0x00000000e4b00000, 0x0000000100000000)
  eden space 66560K, 100% used [0x00000000e0000000,0x00000000e4100000,0x00000000e4100000)
  from space 5120K, 0% used [0x00000000e4100000,0x00000000e4100000,0x00000000e4600000)
  to   space 5120K, 0% used [0x00000000e4600000,0x00000000e4600000,0x00000000e4b00000)
 ParOldGen       total 64000K, used 10726K [0x00000000a0000000, 0x00000000a3e80000, 0x00000000e0000000)
  object space 64000K, 16% used [0x00000000a0000000,0x00000000a0a79a18,0x00000000a3e80000)
 Metaspace       used 29027K, capacity 29620K, committed 30080K, reserved 1075200K
  class space    used 3930K, capacity 4102K, committed 4224K, reserved 1048576K
Event: 3.181 GC heap after
Heap after GC invocations=7 (full 1):
 PSYoungGen      total 65024K, used 5116K [0x00000000e0000000, 0x00000000e7d00000, 0x0000000100000000)
  eden space 59904K, 0% used [0x00000000e0000000,0x00000000e0000000,0x00000000e3a80000)
  from space 5120K, 99% used [0x00000000e4600000,0x00000000e4aff350,0x00000000e4b00000)
  to   space 11776K, 0% used [0x00000000e3a80000,0x00000000e3a80000,0x00000000e4600000)
 ParOldGen       total 64000K, used 13697K [0x00000000a0000000, 0x00000000a3e80000, 0x00000000e0000000)
  object space 64000K, 21% used [0x00000000a0000000,0x00000000a0d60578,0x00000000a3e80000)
 Metaspace       used 29027K, capacity 29620K, committed 30080K, reserved 1075200K
  class space    used 3930K, capacity 4102K, committed 4224K, reserved 1048576K
}
Event: 3.645 GC heap before
{Heap before GC invocations=8 (full 1):
 PSYoungGen      total 65024K, used 65020K [0x00000000e0000000, 0x00000000e7d00000, 0x0000000100000000)
  eden space 59904K, 100% used [0x00000000e0000000,0x00000000e3a80000,0x00000000e3a80000)
  from space 5120K, 99% used [0x00000000e4600000,0x00000000e4aff350,0x00000000e4b00000)
  to   space 11776K, 0% used [0x00000000e3a80000,0x00000000e3a80000,0x00000000e4600000)
 ParOldGen       total 64000K, used 13697K [0x00000000a0000000, 0x00000000a3e80000, 0x00000000e0000000)
  object space 64000K, 21% used [0x00000000a0000000,0x00000000a0d60578,0x00000000a3e80000)
 Metaspace       used 32021K, capacity 32626K, committed 32768K, reserved 1077248K
  class space    used 4422K, capacity 4592K, committed 4608K, reserved 1048576K
Event: 3.653 GC heap after
Heap after GC invocations=8 (full 1):
 PSYoungGen      total 71680K, used 8166K [0x00000000e0000000, 0x00000000e7380000, 0x0000000100000000)
  eden space 59904K, 0% used [0x00000000e0000000,0x00000000e0000000,0x00000000e3a80000)
  from space 11776K, 69% used [0x00000000e3a80000,0x00000000e4279ba0,0x00000000e4600000)
  to   space 11776K, 0% used [0x00000000e6800000,0x00000000e6800000,0x00000000e7380000)
 ParOldGen       total 64000K, used 13705K [0x00000000a0000000, 0x00000000a3e80000, 0x00000000e0000000)
  object space 64000K, 21% used [0x00000000a0000000,0x00000000a0d62578,0x00000000a3e80000)
 Metaspace       used 32021K, capacity 32626K, committed 32768K, reserved 1077248K
  class space    used 4422K, capacity 4592K, committed 4608K, reserved 1048576K
}
Event: 6.777 GC heap before
{Heap before GC invocations=9 (full 1):
 PSYoungGen      total 71680K, used 62091K [0x00000000e0000000, 0x00000000e7380000, 0x0000000100000000)
  eden space 59904K, 90% used [0x00000000e0000000,0x00000000e34a9128,0x00000000e3a80000)
  from space 11776K, 69% used [0x00000000e3a80000,0x00000000e4279ba0,0x00000000e4600000)
  to   space 11776K, 0% used [0x00000000e6800000,0x00000000e6800000,0x00000000e7380000)
 ParOldGen       total 64000K, used 13705K [0x00000000a0000000, 0x00000000a3e80000, 0x00000000e0000000)
  object space 64000K, 21% used [0x00000000a0000000,0x00000000a0d62578,0x00000000a3e80000)
 Metaspace       used 34699K, capacity 35432K, committed 35496K, reserved 1079296K
  class space    used 4784K, capacity 4999K, committed 5032K, reserved 1048576K
Event: 6.791 GC heap after
Heap after GC invocations=9 (full 1):
 PSYoungGen      total 102400K, used 10271K [0x00000000e0000000, 0x00000000e7280000, 0x0000000100000000)
  eden space 91648K, 0% used [0x00000000e0000000,0x00000000e0000000,0x00000000e5980000)
  from space 10752K, 95% used [0x00000000e6800000,0x00000000e7207df8,0x00000000e7280000)
  to   space 12288K, 0% used [0x00000000e5a80000,0x00000000e5a80000,0x00000000e6680000)
 ParOldGen       total 64000K, used 13713K [0x00000000a0000000, 0x00000000a3e80000, 0x00000000e0000000)
  object space 64000K, 21% used [0x00000000a0000000,0x00000000a0d64578,0x00000000a3e80000)
 Metaspace       used 34699K, capacity 35432K, committed 35496K, reserved 1079296K
  class space    used 4784K, capacity 4999K, committed 5032K, reserved 1048576K
}
Event: 6.791 GC heap before
{Heap before GC invocations=10 (full 2):
 PSYoungGen      total 102400K, used 10271K [0x00000000e0000000, 0x00000000e7280000, 0x0000000100000000)
  eden space 91648K, 0% used [0x00000000e0000000,0x00000000e0000000,0x00000000e5980000)
  from space 10752K, 95% used [0x00000000e6800000,0x00000000e7207df8,0x00000000e7280000)
  to   space 12288K, 0% used [0x00000000e5a80000,0x00000000e5a80000,0x00000000e6680000)
 ParOldGen       total 64000K, used 13713K [0x00000000a0000000, 0x00000000a3e80000, 0x00000000e0000000)
  object space 64000K, 21% used [0x00000000a0000000,0x00000000a0d64578,0x00000000a3e80000)
 Metaspace       used 34699K, capacity 35432K, committed 35496K, reserved 1079296K
  class space    used 4784K, capacity 4999K, committed 5032K, reserved 1048576K
Event: 6.845 GC heap after
Heap after GC invocations=10 (full 2):
 PSYoungGen      total 102400K, used 0K [0x00000000e0000000, 0x00000000e7280000, 0x0000000100000000)
  eden space 91648K, 0% used [0x00000000e0000000,0x00000000e0000000,0x00000000e5980000)
  from space 10752K, 0% used [0x00000000e6800000,0x00000000e6800000,0x00000000e7280000)
  to   space 12288K, 0% used [0x00000000e5a80000,0x00000000e5a80000,0x00000000e6680000)
 ParOldGen       total 93696K, used 17113K [0x00000000a0000000, 0x00000000a5b80000, 0x00000000e0000000)
  object space 93696K, 18% used [0x00000000a0000000,0x00000000a10b6750,0x00000000a5b80000)
 Metaspace       used 34690K, capacity 35402K, committed 35496K, reserved 1079296K
  class space    used 4781K, capacity 4994K, committed 5032K, reserved 1048576K
}
Event: 8.914 GC heap before
{Heap before GC invocations=11 (full 2):
 PSYoungGen      total 102400K, used 91648K [0x00000000e0000000, 0x00000000e7280000, 0x0000000100000000)
  eden space 91648K, 100% used [0x00000000e0000000,0x00000000e5980000,0x00000000e5980000)
  from space 10752K, 0% used [0x00000000e6800000,0x00000000e6800000,0x00000000e7280000)
  to   space 12288K, 0% used [0x00000000e5a80000,0x00000000e5a80000,0x00000000e6680000)
 ParOldGen       total 93696K, used 17113K [0x00000000a0000000, 0x00000000a5b80000, 0x00000000e0000000)
  object space 93696K, 18% used [0x00000000a0000000,0x00000000a10b6750,0x00000000a5b80000)
 Metaspace       used 44509K, capacity 45484K, committed 45736K, reserved 1089536K
  class space    used 5995K, capacity 6262K, committed 6312K, reserved 1048576K
Event: 8.925 GC heap after
Heap after GC invocations=11 (full 2):
 PSYoungGen      total 104960K, used 12282K [0x00000000e0000000, 0x00000000e8f00000, 0x0000000100000000)
  eden space 92672K, 0% used [0x00000000e0000000,0x00000000e0000000,0x00000000e5a80000)
  from space 12288K, 99% used [0x00000000e5a80000,0x00000000e667ea10,0x00000000e6680000)
  to   space 14336K, 0% used [0x00000000e8100000,0x00000000e8100000,0x00000000e8f00000)
 ParOldGen       total 93696K, used 18742K [0x00000000a0000000, 0x00000000a5b80000, 0x00000000e0000000)
  object space 93696K, 20% used [0x00000000a0000000,0x00000000a124d8c8,0x00000000a5b80000)
 Metaspace       used 44509K, capacity 45484K, committed 45736K, reserved 1089536K
  class space    used 5995K, capacity 6262K, committed 6312K, reserved 1048576K
}

Deoptimization events (10 events):
Event: 8.352 Thread 0x000000001806f000 Uncommon trap: reason=unstable_if action=reinterpret pc=0x00000000032633fc method=java.security.CodeSource.matchCerts(Ljava/security/CodeSource;Z)Z @ 11
Event: 8.365 Thread 0x000000001806f000 Uncommon trap: reason=unstable_if action=reinterpret pc=0x00000000031a6a3c method=java.util.LinkedHashMap.get(Ljava/lang/Object;)Ljava/lang/Object; @ 20
Event: 8.420 Thread 0x000000001806f000 Uncommon trap: reason=unstable_if action=reinterpret pc=0x00000000028814bc method=java.security.CodeSource.matchCerts(Ljava/security/CodeSource;Z)Z @ 11
Event: 8.452 Thread 0x000000001806f000 Uncommon trap: reason=unstable_if action=reinterpret pc=0x0000000002fa1d24 method=org.objectweb.asm.ByteVector.putUTF8(Ljava/lang/String;)Lorg/objectweb/asm/ByteVector; @ 93
Event: 8.452 Thread 0x000000001806f000 Uncommon trap: reason=range_check action=make_not_entrant pc=0x0000000002cb2d18 method=java.lang.String.charAt(I)C @ 27
Event: 8.535 Thread 0x000000001806f000 Uncommon trap: reason=unstable_if action=reinterpret pc=0x0000000002d9f470 method=org.objectweb.asm.ByteVector.putUTF8(Ljava/lang/String;)Lorg/objectweb/asm/ByteVector; @ 93
Event: 9.013 Thread 0x000000001806f000 Uncommon trap: reason=unstable_if action=reinterpret pc=0x0000000002f92a90 method=org.gradle.internal.reflect.PropertyAccessorType.of(Ljava/lang/reflect/Method;)Lorg/gradle/internal/reflect/PropertyAccessorType; @ 56
Event: 9.185 Thread 0x000000001806f000 Uncommon trap: reason=unstable_if action=reinterpret pc=0x0000000003277ba8 method=org.codehaus.groovy.runtime.metaclass.MetaMethodIndex.isNonRealMethod(Lgroovy/lang/MetaMethod;)Z @ 4
Event: 9.186 Thread 0x000000001806f000 Uncommon trap: reason=unstable_if action=reinterpret pc=0x00000000032255fc method=groovy.lang.MetaClassImpl$1MOPIter.methodNameAction(Ljava/lang/Class;Lorg/codehaus/groovy/runtime/metaclass/MetaMethodIndex$Entry;)V @ 182
Event: 9.196 Thread 0x000000001806f000 Uncommon trap: reason=unstable_if action=reinterpret pc=0x0000000002b0b14c method=java.lang.ClassLoader.checkCerts(Ljava/lang/String;Ljava/security/CodeSource;)V @ 29

Classes redefined (0 events):
No events

Internal exceptions (10 events):
Event: 9.340 Thread 0x000000001806f000 Exception <a 'java/lang/ClassNotFoundException': build_2ncpstgyictuzlynbjw5g7aoj$_run_closure1BeanInfo> (0x00000000e20e95e0) thrown at [D:\src\AOSP-openjdk-cygwin\jdk8u\hotspot\src\share\vm\classfile\systemDictionary.cpp, line 210]
Event: 9.340 Thread 0x000000001806f000 Exception <a 'java/lang/ClassNotFoundException': build_2ncpstgyictuzlynbjw5g7aoj$_run_closure1Customizer> (0x00000000e20fa9b0) thrown at [D:\src\AOSP-openjdk-cygwin\jdk8u\hotspot\src\share\vm\classfile\systemDictionary.cpp, line 210]
Event: 9.353 Thread 0x000000001806f000 Exception <a 'java/lang/ClassNotFoundException': org/gradle/api/internal/file/collections/DefaultConfigurableFileTreeBeanInfo> (0x00000000e229c678) thrown at [D:\src\AOSP-openjdk-cygwin\jdk8u\hotspot\src\share\vm\classfile\systemDictionary.cpp, line 210]
Event: 9.354 Thread 0x000000001806f000 Exception <a 'java/lang/ClassNotFoundException': org/gradle/api/internal/file/CompositeFileTreeBeanInfo> (0x00000000e22d0440) thrown at [D:\src\AOSP-openjdk-cygwin\jdk8u\hotspot\src\share\vm\classfile\systemDictionary.cpp, line 210]
Event: 9.354 Thread 0x000000001806f000 Exception <a 'java/lang/ClassNotFoundException': org/gradle/api/internal/file/CompositeFileCollectionBeanInfo> (0x00000000e23080c0) thrown at [D:\src\AOSP-openjdk-cygwin\jdk8u\hotspot\src\share\vm\classfile\systemDictionary.cpp, line 210]
Event: 9.354 Thread 0x000000001806f000 Exception <a 'java/lang/ClassNotFoundException': org/gradle/api/internal/file/AbstractFileCollectionBeanInfo> (0x00000000e233ff00) thrown at [D:\src\AOSP-openjdk-cygwin\jdk8u\hotspot\src\share\vm\classfile\systemDictionary.cpp, line 210]
Event: 9.355 Thread 0x000000001806f000 Exception <a 'java/lang/ClassNotFoundException': org/gradle/api/internal/file/AbstractFileCollectionCustomizer> (0x00000000e23787b0) thrown at [D:\src\AOSP-openjdk-cygwin\jdk8u\hotspot\src\share\vm\classfile\systemDictionary.cpp, line 210]
Event: 9.356 Thread 0x000000001806f000 Exception <a 'java/lang/ClassNotFoundException': org/gradle/api/internal/file/CompositeFileCollectionCustomizer> (0x00000000e23be638) thrown at [D:\src\AOSP-openjdk-cygwin\jdk8u\hotspot\src\share\vm\classfile\systemDictionary.cpp, line 210]
Event: 9.356 Thread 0x000000001806f000 Exception <a 'java/lang/ClassNotFoundException': org/gradle/api/internal/file/CompositeFileTreeCustomizer> (0x00000000e2402e88) thrown at [D:\src\AOSP-openjdk-cygwin\jdk8u\hotspot\src\share\vm\classfile\systemDictionary.cpp, line 210]
Event: 9.357 Thread 0x000000001806f000 Exception <a 'java/lang/ClassNotFoundException': org/gradle/api/internal/file/collections/DefaultConfigurableFileTreeCustomizer> (0x00000000e2450f80) thrown at [D:\src\AOSP-openjdk-cygwin\jdk8u\hotspot\src\share\vm\classfile\systemDictionary.cpp, line 210

Events (10 events):
Event: 9.389 loading class org/gradle/api/plugins/JavaPlugin
Event: 9.389 loading class org/gradle/api/plugins/JavaPlugin done
Event: 9.389 loading class org/gradle/api/plugins/JavaPlugin
Event: 9.389 loading class org/gradle/api/plugins/JavaPlugin done
Event: 9.391 loading class org/gradle/api/ProjectState
Event: 9.391 loading class org/gradle/api/ProjectState done
Event: 9.391 loading class com/android/build/gradle/internal/tasks/PrepareLintJar
Event: 9.391 loading class com/android/build/gradle/internal/tasks/PrepareLintJar done
Event: 9.391 loading class com/android/build/gradle/internal/scope/InternalArtifactType
Event: 9.391 loading class com/android/build/gradle/internal/scope/InternalArtifactType done


Dynamic libraries:
0x00007ff7181f0000 - 0x00007ff718221000 	C:\Program Files\Android\Android Studio1\jre\bin\java.exe
0x00007ffd8c1a0000 - 0x00007ffd8c390000 	C:\WINDOWS\SYSTEM32\ntdll.dll
0x00007ffd8ac00000 - 0x00007ffd8acb2000 	C:\WINDOWS\System32\KERNEL32.DLL
0x00007ffd89e80000 - 0x00007ffd8a123000 	C:\WINDOWS\System32\KERNELBASE.dll
0x00007ffd8bc20000 - 0x00007ffd8bcc3000 	C:\WINDOWS\System32\ADVAPI32.dll
0x00007ffd8ab50000 - 0x00007ffd8abee000 	C:\WINDOWS\System32\msvcrt.dll
0x00007ffd8a350000 - 0x00007ffd8a3e7000 	C:\WINDOWS\System32\sechost.dll
0x00007ffd8a670000 - 0x00007ffd8a790000 	C:\WINDOWS\System32\RPCRT4.dll
0x00007ffd8b130000 - 0x00007ffd8b2c4000 	C:\WINDOWS\System32\USER32.dll
0x00007ffd89c50000 - 0x00007ffd89c71000 	C:\WINDOWS\System32\win32u.dll
0x00007ffd8a320000 - 0x00007ffd8a346000 	C:\WINDOWS\System32\GDI32.dll
0x00007ffd89130000 - 0x00007ffd892c4000 	C:\WINDOWS\System32\gdi32full.dll
0x00007ffd89430000 - 0x00007ffd894ce000 	C:\WINDOWS\System32\msvcp_win.dll
0x00007ffd8a130000 - 0x00007ffd8a22a000 	C:\WINDOWS\System32\ucrtbase.dll
0x00007ffd792d0000 - 0x00007ffd79555000 	C:\WINDOWS\WinSxS\amd64_microsoft.windows.common-controls_6595b64144ccf1df_6.0.18362.535_none_e6c3b34713100821\COMCTL32.dll
0x00007ffd8bd30000 - 0x00007ffd8c066000 	C:\WINDOWS\System32\combase.dll
0x00007ffd892d0000 - 0x00007ffd89350000 	C:\WINDOWS\System32\bcryptPrimitives.dll
0x00007ffd8b9c0000 - 0x00007ffd8b9ee000 	C:\WINDOWS\System32\IMM32.DLL
0x0000000074ff0000 - 0x00000000750c2000 	C:\Program Files\Android\Android Studio1\jre\jre\bin\msvcr100.dll
0x00000000751b0000 - 0x00000000759f6000 	C:\Program Files\Android\Android Studio1\jre\jre\bin\server\jvm.dll
0x00007ffd8ab40000 - 0x00007ffd8ab48000 	C:\WINDOWS\System32\PSAPI.DLL
0x00007ffd85c20000 - 0x00007ffd85c29000 	C:\WINDOWS\SYSTEM32\WSOCK32.dll
0x00007ffd870c0000 - 0x00007ffd870e4000 	C:\WINDOWS\SYSTEM32\WINMM.dll
0x00007ffd8a790000 - 0x00007ffd8a7ff000 	C:\WINDOWS\System32\WS2_32.dll
0x00007ffd82f90000 - 0x00007ffd82f9a000 	C:\WINDOWS\SYSTEM32\VERSION.dll
0x00007ffd87090000 - 0x00007ffd870bd000 	C:\WINDOWS\SYSTEM32\WINMMBASE.dll
0x00007ffd893e0000 - 0x00007ffd8942a000 	C:\WINDOWS\System32\cfgmgr32.dll
0x00007ffd85c10000 - 0x00007ffd85c1f000 	C:\Program Files\Android\Android Studio1\jre\jre\bin\verify.dll
0x00007ffd75f90000 - 0x00007ffd75fb9000 	C:\Program Files\Android\Android Studio1\jre\jre\bin\java.dll
0x00007ffd7f190000 - 0x00007ffd7f1a6000 	C:\Program Files\Android\Android Studio1\jre\jre\bin\zip.dll
0x00007ffd8b2d0000 - 0x00007ffd8b9b5000 	C:\WINDOWS\System32\SHELL32.dll
0x00007ffd8a3f0000 - 0x00007ffd8a499000 	C:\WINDOWS\System32\shcore.dll
0x00007ffd894d0000 - 0x00007ffd89c4f000 	C:\WINDOWS\System32\windows.storage.dll
0x00007ffd89110000 - 0x00007ffd8912f000 	C:\WINDOWS\System32\profapi.dll
0x00007ffd890c0000 - 0x00007ffd8910a000 	C:\WINDOWS\System32\powrprof.dll
0x00007ffd89070000 - 0x00007ffd89080000 	C:\WINDOWS\System32\UMPDC.dll
0x00007ffd8a880000 - 0x00007ffd8a8d2000 	C:\WINDOWS\System32\shlwapi.dll
0x00007ffd89080000 - 0x00007ffd89091000 	C:\WINDOWS\System32\kernel.appcore.dll
0x00007ffd8a230000 - 0x00007ffd8a247000 	C:\WINDOWS\System32\cryptsp.dll
0x00007ffd7dd00000 - 0x00007ffd7dd1a000 	C:\Program Files\Android\Android Studio1\jre\jre\bin\net.dll
0x00007ffd888e0000 - 0x00007ffd88947000 	C:\WINDOWS\system32\mswsock.dll
0x00007ffd7dba0000 - 0x00007ffd7dbb1000 	C:\Program Files\Android\Android Studio1\jre\jre\bin\nio.dll
0x00007ffd731c0000 - 0x00007ffd731e6000 	C:\Users\Pichau\.gradle\native\29\windows-amd64\native-platform.dll
0x00007ffd859e0000 - 0x00007ffd859ed000 	C:\Program Files\Android\Android Studio1\jre\jre\bin\management.dll
0x00007ffd88450000 - 0x00007ffd88483000 	C:\WINDOWS\system32\rsaenh.dll
0x00007ffd893b0000 - 0x00007ffd893d6000 	C:\WINDOWS\System32\bcrypt.dll
0x00007ffd88f90000 - 0x00007ffd88fb5000 	C:\WINDOWS\SYSTEM32\USERENV.dll
0x00007ffd88ab0000 - 0x00007ffd88abc000 	C:\WINDOWS\SYSTEM32\CRYPTBASE.dll
0x00007ffd885f0000 - 0x00007ffd8862a000 	C:\WINDOWS\SYSTEM32\IPHLPAPI.DLL
0x00007ffd8a4a0000 - 0x00007ffd8a4a8000 	C:\WINDOWS\System32\NSI.dll
0x00007ffd82f60000 - 0x00007ffd82f76000 	C:\WINDOWS\SYSTEM32\dhcpcsvc6.DLL
0x00007ffd82ee0000 - 0x00007ffd82efc000 	C:\WINDOWS\SYSTEM32\dhcpcsvc.DLL
0x00007ffd88630000 - 0x00007ffd886fa000 	C:\WINDOWS\SYSTEM32\DNSAPI.dll

VM Arguments:
jvm_args: -Xmx1536m -Dfile.encoding=windows-1252 -Duser.country=BR -Duser.language=pt -Duser.variant 
java_command: org.gradle.launcher.daemon.bootstrap.GradleDaemon 5.4.1
java_class_path (initial): C:\Users\Pichau\.gradle\wrapper\dists\gradle-5.4.1-all\3221gyojl5jsh0helicew7rwx\gradle-5.4.1\lib\gradle-launcher-5.4.1.jar
Launcher Type: SUN_STANDARD

Environment Variables:
PATH=C:\Program Files (x86)\Razer\ChromaBroadcast\bin;C:\Program Files\Razer\ChromaBroadcast\bin;C:\Program Files (x86)\Google\Chrome\Application;C:\Program Files (x86)\Common Files\Oracle\Java\javapath;C:\Program Files (x86)\Intel\Intel(R) Management Engine Components\iCLS\;C:\Program Files\Intel\Intel(R) Management Engine Components\iCLS\;C:\Windows\system32;C:\Windows;C:\Windows\System32\Wbem;C:\Windows\System32\WindowsPowerShell\v1.0\;C:\Windows\System32\OpenSSH\;C:\Program Files (x86)\Intel\Intel(R) Management Engine Components\DAL;C:\Program Files\Intel\Intel(R) Management Engine Components\DAL;C:\Program Files (x86)\Intel\Intel(R) Management Engine Components\IPT;C:\Program Files\Intel\Intel(R) Management Engine Components\IPT;C:\Users\Pichau\AppData\Local\Microsoft\WindowsApps;C:\Program Files\Microsoft SQL Server\Client SDK\ODBC\130\Tools\Binn\;C:\Program Files (x86)\Microsoft SQL Server\150\DTS\Binn\;C:\Program Files\dotnet\;C:\Program Files\Microsoft SQL Server\Client SDK\ODBC\170\Tools\Binn\;C:\WINDOWS\system32;C:\WINDOWS;C:\WINDOWS\System32\Wbem;C:\WINDOWS\System32\WindowsPowerShell\v1.0\;C:\WINDOWS\System32\OpenSSH\;C:\Program Files\NVIDIA Corporation\NVIDIA NvDLISR;C:\Program Files (x86)\Windows Kits\8.1\Windows Performance Toolkit\;C:\Program Files\Git\cmd;C:\Program Files\Git\mingw64\bin;C:\Program Files\Git\usr\bin;C:\Users\Pichau\AppData\Local\Microsoft\WindowsApps;C:\Users\Pichau\AppData\Local\Programs\Microsoft VS Code\bin;C:\Users\Pichau\AppData\Local\GitHubDesktop\bin;C:\Users\Pichau\AppData\Local\Microsoft\WindowsApps;C:\Users\Pichau\AppData\Local\Programs\Microsoft VS Code\bin;C:\Users\Pichau\AppData\Local\GitHubDesktop\bin
USERNAME=Pichau
OS=Windows_NT
PROCESSOR_IDENTIFIER=Intel64 Family 6 Model 158 Stepping 9, GenuineIntel



---------------  S Y S T E M  ---------------

OS: Windows 10.0 , 64 bit Build 18362 (10.0.18362.329)

CPU:total 4 (initial active 4) (4 cores per cpu, 1 threads per core) family 6 model 158 stepping 9, cmov, cx8, fxsr, mmx, sse, sse2, sse3, ssse3, sse4.1, sse4.2, popcnt, avx, avx2, aes, clmul, erms, 3dnowpref, lzcnt, tsc, tscinvbit, bmi1, bmi2, adx

Memory: 4k page, physical 8351888k(1669452k free), swap 8351888k(5292k free)

vm_info: OpenJDK 64-Bit Server VM (25.202-b03) for windows-amd64 JRE (1.8.0_202-release-1483-b03), built by "builder" with MS VC++ 10.0 (VS2010)

time: Fri Dec 20 14:03:38 2019
timezone: Hora oficial do Brasil
elapsed time: 9 seconds (0d 0h 0m 9s)

